{"/home/travis/build/npmtest/node-npmtest-schenkerian/test.js":{"path":"/home/travis/build/npmtest/node-npmtest-schenkerian/test.js","s":{"1":2,"2":2,"3":2,"4":2,"5":2,"6":2,"7":2,"8":1,"9":2,"10":2,"11":1,"12":1,"13":1,"14":1,"15":2,"16":2,"17":2,"18":2,"19":1,"20":1,"21":2,"22":2,"23":2,"24":1,"25":1,"26":1,"27":1,"28":1,"29":1,"30":1,"31":1,"32":1,"33":1,"34":1,"35":1,"36":1,"37":1,"38":1,"39":2,"40":2,"41":1,"42":2,"43":2,"44":1,"45":2,"46":2,"47":1,"48":2,"49":2,"50":1,"51":1,"52":1,"53":1,"54":1},"b":{"1":[2,1,1,1],"2":[1,1,1,1],"3":[1,1],"4":[1,1],"5":[1,1],"6":[1,1],"7":[1,1],"8":[1,1],"9":[1,1],"10":[1,1,1],"11":[1,1],"12":[1,1],"13":[1,1],"14":[1,1],"15":[1,1],"16":[1,1],"17":[1,1]},"f":{"1":2,"2":2,"3":2,"4":2,"5":2,"6":1,"7":1,"8":1,"9":2,"10":2,"11":2,"12":2,"13":1},"fnMap":{"1":{"name":"(anonymous_1)","line":12,"loc":{"start":{"line":12,"column":1},"end":{"line":12,"column":13}}},"2":{"name":"(anonymous_2)","line":19,"loc":{"start":{"line":19,"column":5},"end":{"line":19,"column":17}}},"3":{"name":"(anonymous_3)","line":23,"loc":{"start":{"line":23,"column":24},"end":{"line":23,"column":36}}},"4":{"name":"(anonymous_4)","line":61,"loc":{"start":{"line":61,"column":5},"end":{"line":61,"column":17}}},"5":{"name":"(anonymous_5)","line":82,"loc":{"start":{"line":82,"column":5},"end":{"line":82,"column":17}}},"6":{"name":"(anonymous_6)","line":91,"loc":{"start":{"line":91,"column":77},"end":{"line":94,"column":10}}},"7":{"name":"(anonymous_7)","line":112,"loc":{"start":{"line":112,"column":83},"end":{"line":115,"column":10}},"skip":true},"8":{"name":"(anonymous_8)","line":123,"loc":{"start":{"line":123,"column":77},"end":{"line":126,"column":10}},"skip":true},"9":{"name":"(anonymous_9)","line":139,"loc":{"start":{"line":139,"column":12},"end":{"line":139,"column":40}},"skip":true},"10":{"name":"(anonymous_10)","line":147,"loc":{"start":{"line":147,"column":77},"end":{"line":150,"column":10}},"skip":true},"11":{"name":"(anonymous_11)","line":158,"loc":{"start":{"line":158,"column":83},"end":{"line":161,"column":10}},"skip":true},"12":{"name":"(anonymous_12)","line":169,"loc":{"start":{"line":169,"column":79},"end":{"line":172,"column":10}},"skip":true},"13":{"name":"(anonymous_13)","line":180,"loc":{"start":{"line":180,"column":75},"end":{"line":183,"column":10}},"skip":true}},"statementMap":{"1":{"start":{"line":12,"column":0},"end":{"line":195,"column":5}},"2":{"start":{"line":14,"column":4},"end":{"line":14,"column":14}},"3":{"start":{"line":19,"column":4},"end":{"line":56,"column":9}},"4":{"start":{"line":21,"column":8},"end":{"line":21,"column":19}},"5":{"start":{"line":23,"column":8},"end":{"line":35,"column":13}},"6":{"start":{"line":24,"column":12},"end":{"line":34,"column":13}},"7":{"start":{"line":25,"column":16},"end":{"line":28,"column":30}},"8":{"start":{"line":30,"column":16},"end":{"line":33,"column":27}},"9":{"start":{"line":37,"column":8},"end":{"line":39,"column":21}},"10":{"start":{"line":40,"column":8},"end":{"line":53,"column":9}},"11":{"start":{"line":43,"column":12},"end":{"line":46,"column":14}},"12":{"start":{"line":47,"column":12},"end":{"line":47,"column":18}},"13":{"start":{"line":50,"column":12},"end":{"line":51,"column":33}},"14":{"start":{"line":52,"column":12},"end":{"line":52,"column":18}},"15":{"start":{"line":55,"column":8},"end":{"line":55,"column":35}},"16":{"start":{"line":61,"column":4},"end":{"line":63,"column":9}},"17":{"start":{"line":62,"column":8},"end":{"line":62,"column":15}},"18":{"start":{"line":64,"column":4},"end":{"line":77,"column":5}},"19":{"start":{"line":70,"column":8},"end":{"line":70,"column":14}},"20":{"start":{"line":76,"column":8},"end":{"line":76,"column":14}},"21":{"start":{"line":82,"column":4},"end":{"line":84,"column":9}},"22":{"start":{"line":83,"column":8},"end":{"line":83,"column":15}},"23":{"start":{"line":85,"column":4},"end":{"line":194,"column":5}},"24":{"start":{"line":91,"column":8},"end":{"line":99,"column":10}},"25":{"start":{"line":98,"column":12},"end":{"line":98,"column":35}},"26":{"start":{"line":102,"column":8},"end":{"line":104,"column":63}},"27":{"start":{"line":105,"column":8},"end":{"line":105,"column":14}},"28":{"start":{"line":112,"column":8},"end":{"line":121,"column":10},"skip":true},"29":{"start":{"line":119,"column":12},"end":{"line":119,"column":55},"skip":true},"30":{"start":{"line":120,"column":12},"end":{"line":120,"column":48},"skip":true},"31":{"start":{"line":123,"column":8},"end":{"line":136,"column":10},"skip":true},"32":{"start":{"line":130,"column":12},"end":{"line":130,"column":76},"skip":true},"33":{"start":{"line":131,"column":12},"end":{"line":131,"column":73},"skip":true},"34":{"start":{"line":132,"column":12},"end":{"line":132,"column":74},"skip":true},"35":{"start":{"line":133,"column":12},"end":{"line":133,"column":79},"skip":true},"36":{"start":{"line":134,"column":12},"end":{"line":134,"column":25},"skip":true},"37":{"start":{"line":135,"column":12},"end":{"line":135,"column":45},"skip":true},"38":{"start":{"line":138,"column":8},"end":{"line":145,"column":14},"skip":true},"39":{"start":{"line":143,"column":16},"end":{"line":143,"column":29},"skip":true},"40":{"start":{"line":144,"column":16},"end":{"line":144,"column":55},"skip":true},"41":{"start":{"line":147,"column":8},"end":{"line":156,"column":10},"skip":true},"42":{"start":{"line":154,"column":12},"end":{"line":154,"column":25},"skip":true},"43":{"start":{"line":155,"column":12},"end":{"line":155,"column":45},"skip":true},"44":{"start":{"line":158,"column":8},"end":{"line":167,"column":10},"skip":true},"45":{"start":{"line":165,"column":12},"end":{"line":165,"column":25},"skip":true},"46":{"start":{"line":166,"column":12},"end":{"line":166,"column":48},"skip":true},"47":{"start":{"line":169,"column":8},"end":{"line":178,"column":10},"skip":true},"48":{"start":{"line":176,"column":12},"end":{"line":176,"column":25},"skip":true},"49":{"start":{"line":177,"column":12},"end":{"line":177,"column":46},"skip":true},"50":{"start":{"line":180,"column":8},"end":{"line":189,"column":10},"skip":true},"51":{"start":{"line":187,"column":12},"end":{"line":187,"column":94},"skip":true},"52":{"start":{"line":188,"column":12},"end":{"line":188,"column":48},"skip":true},"53":{"start":{"line":192,"column":8},"end":{"line":192,"column":35},"skip":true},"54":{"start":{"line":193,"column":8},"end":{"line":193,"column":14},"skip":true}},"branchMap":{"1":{"line":25,"type":"binary-expr","locations":[{"start":{"line":25,"column":23},"end":{"line":25,"column":62}},{"start":{"line":26,"column":20},"end":{"line":26,"column":70}},{"start":{"line":27,"column":20},"end":{"line":27,"column":71}},{"start":{"line":28,"column":20},"end":{"line":28,"column":29}}]},"2":{"line":30,"type":"binary-expr","locations":[{"start":{"line":30,"column":23},"end":{"line":30,"column":37}},{"start":{"line":31,"column":20},"end":{"line":31,"column":61}},{"start":{"line":32,"column":20},"end":{"line":32,"column":70}},{"start":{"line":33,"column":20},"end":{"line":33,"column":26}}]},"3":{"line":37,"type":"cond-expr","locations":[{"start":{"line":38,"column":14},"end":{"line":38,"column":20}},{"start":{"line":39,"column":14},"end":{"line":39,"column":20}}]},"4":{"line":40,"type":"switch","locations":[{"start":{"line":42,"column":8},"end":{"line":47,"column":18}},{"start":{"line":49,"column":8},"end":{"line":52,"column":18}}]},"5":{"line":44,"type":"binary-expr","locations":[{"start":{"line":44,"column":16},"end":{"line":44,"column":44}},{"start":{"line":44,"column":48},"end":{"line":44,"column":66}}]},"6":{"line":50,"type":"binary-expr","locations":[{"start":{"line":50,"column":21},"end":{"line":50,"column":49}},{"start":{"line":50,"column":53},"end":{"line":50,"column":72}}]},"7":{"line":64,"type":"switch","locations":[{"start":{"line":69,"column":4},"end":{"line":70,"column":14}},{"start":{"line":75,"column":4},"end":{"line":76,"column":14}}]},"8":{"line":85,"type":"switch","locations":[{"start":{"line":90,"column":4},"end":{"line":105,"column":14}},{"start":{"line":111,"column":4},"end":{"line":193,"column":14},"skip":true}]},"9":{"line":91,"type":"binary-expr","locations":[{"start":{"line":91,"column":42},"end":{"line":91,"column":73}},{"start":{"line":91,"column":77},"end":{"line":99,"column":9}}]},"10":{"line":102,"type":"binary-expr","locations":[{"start":{"line":102,"column":18},"end":{"line":102,"column":32}},{"start":{"line":103,"column":12},"end":{"line":103,"column":53}},{"start":{"line":104,"column":12},"end":{"line":104,"column":61}}]},"11":{"line":112,"type":"binary-expr","locations":[{"start":{"line":112,"column":45},"end":{"line":112,"column":79},"skip":true},{"start":{"line":112,"column":83},"end":{"line":121,"column":9},"skip":true}]},"12":{"line":123,"type":"binary-expr","locations":[{"start":{"line":123,"column":42},"end":{"line":123,"column":73},"skip":true},{"start":{"line":123,"column":77},"end":{"line":136,"column":9},"skip":true}]},"13":{"line":138,"type":"binary-expr","locations":[{"start":{"line":138,"column":48},"end":{"line":138,"column":85},"skip":true},{"start":{"line":139,"column":12},"end":{"line":145,"column":13},"skip":true}]},"14":{"line":147,"type":"binary-expr","locations":[{"start":{"line":147,"column":42},"end":{"line":147,"column":73},"skip":true},{"start":{"line":147,"column":77},"end":{"line":156,"column":9},"skip":true}]},"15":{"line":158,"type":"binary-expr","locations":[{"start":{"line":158,"column":45},"end":{"line":158,"column":79},"skip":true},{"start":{"line":158,"column":83},"end":{"line":167,"column":9},"skip":true}]},"16":{"line":169,"type":"binary-expr","locations":[{"start":{"line":169,"column":43},"end":{"line":169,"column":75},"skip":true},{"start":{"line":169,"column":79},"end":{"line":178,"column":9},"skip":true}]},"17":{"line":180,"type":"binary-expr","locations":[{"start":{"line":180,"column":41},"end":{"line":180,"column":71},"skip":true},{"start":{"line":180,"column":75},"end":{"line":189,"column":9},"skip":true}]}},"code":["/* istanbul instrument in package npmtest_schenkerian */","/*jslint","    bitwise: true,","    browser: true,","    maxerr: 8,","    maxlen: 96,","    node: true,","    nomen: true,","    regexp: true,","    stupid: true","*/","(function () {","    'use strict';","    var local;","","","","    // run shared js-env code - pre-init","    (function () {","        // init local","        local = {};","        // init modeJs","        local.modeJs = (function () {","            try {","                return typeof navigator.userAgent === 'string' &&","                    typeof document.querySelector('body') === 'object' &&","                    typeof XMLHttpRequest.prototype.open === 'function' &&","                    'browser';","            } catch (errorCaughtBrowser) {","                return module.exports &&","                    typeof process.versions.node === 'string' &&","                    typeof require('http').createServer === 'function' &&","                    'node';","            }","        }());","        // init global","        local.global = local.modeJs === 'browser'","            ? window","            : global;","        switch (local.modeJs) {","        // re-init local from window.local","        case 'browser':","            local = local.global.utility2.objectSetDefault(","                local.global.utility2_rollup || local.global.local,","                local.global.utility2","            );","            break;","        // re-init local from example.js","        case 'node':","            local = (local.global.utility2_rollup || require('utility2'))","                .requireReadme();","            break;","        }","        // export local","        local.global.local = local;","    }());","","","","    // run shared js-env code - function","    (function () {","        return;","    }());","    switch (local.modeJs) {","","","","    // run browser js-env code - function","    case 'browser':","        break;","","","","    // run node js-env code - function","    case 'node':","        break;","    }","","","","    // run shared js-env code - post-init","    (function () {","        return;","    }());","    switch (local.modeJs) {","","","","    // run browser js-env code - post-init","    case 'browser':","        local.testCase_browser_nullCase = local.testCase_browser_nullCase || function (","            options,","            onError","        ) {","        /*","         * this function will test browsers's null-case handling-behavior-behavior","         */","            onError(null, options);","        };","","        // run tests","        local.nop(local.modeTest &&","            document.querySelector('#testRunButton1') &&","            document.querySelector('#testRunButton1').click());","        break;","","","","    // run node js-env code - post-init","    /* istanbul ignore next */","    case 'node':","        local.testCase_buildApidoc_default = local.testCase_buildApidoc_default || function (","            options,","            onError","        ) {","        /*","         * this function will test buildApidoc's default handling-behavior-behavior","         */","            options = { modulePathList: module.paths };","            local.buildApidoc(options, onError);","        };","","        local.testCase_buildApp_default = local.testCase_buildApp_default || function (","            options,","            onError","        ) {","        /*","         * this function will test buildApp's default handling-behavior-behavior","         */","            local.testCase_buildReadme_default(options, local.onErrorThrow);","            local.testCase_buildLib_default(options, local.onErrorThrow);","            local.testCase_buildTest_default(options, local.onErrorThrow);","            local.testCase_buildCustomOrg_default(options, local.onErrorThrow);","            options = [];","            local.buildApp(options, onError);","        };","","        local.testCase_buildCustomOrg_default = local.testCase_buildCustomOrg_default ||","            function (options, onError) {","            /*","             * this function will test buildCustomOrg's default handling-behavior","             */","                options = {};","                local.buildCustomOrg(options, onError);","            };","","        local.testCase_buildLib_default = local.testCase_buildLib_default || function (","            options,","            onError","        ) {","        /*","         * this function will test buildLib's default handling-behavior","         */","            options = {};","            local.buildLib(options, onError);","        };","","        local.testCase_buildReadme_default = local.testCase_buildReadme_default || function (","            options,","            onError","        ) {","        /*","         * this function will test buildReadme's default handling-behavior-behavior","         */","            options = {};","            local.buildReadme(options, onError);","        };","","        local.testCase_buildTest_default = local.testCase_buildTest_default || function (","            options,","            onError","        ) {","        /*","         * this function will test buildTest's default handling-behavior","         */","            options = {};","            local.buildTest(options, onError);","        };","","        local.testCase_webpage_default = local.testCase_webpage_default || function (","            options,","            onError","        ) {","        /*","         * this function will test webpage's default handling-behavior","         */","            options = { modeCoverageMerge: true, url: local.serverLocalHost + '?modeTest=1' };","            local.browserTest(options, onError);","        };","","        // run test-server","        local.testRunServer(local);","        break;","    }","}());",""],"l":{"12":2,"14":2,"19":2,"21":2,"23":2,"24":2,"25":2,"30":1,"37":2,"40":2,"43":1,"47":1,"50":1,"52":1,"55":2,"61":2,"62":2,"64":2,"70":1,"76":1,"82":2,"83":2,"85":2,"91":1,"98":1,"102":1,"105":1,"112":1,"119":1,"120":1,"123":1,"130":1,"131":1,"132":1,"133":1,"134":1,"135":1,"138":1,"143":2,"144":2,"147":1,"154":2,"155":2,"158":1,"165":2,"166":2,"169":1,"176":2,"177":2,"180":1,"187":1,"188":1,"192":1,"193":1}},"/home/travis/build/npmtest/node-npmtest-schenkerian/lib.npmtest_schenkerian.js":{"path":"/home/travis/build/npmtest/node-npmtest-schenkerian/lib.npmtest_schenkerian.js","s":{"1":2,"2":2,"3":2,"4":2,"5":2,"6":2,"7":2,"8":1,"9":2,"10":2,"11":2,"12":2,"13":1,"14":1,"15":1,"16":1},"b":{"1":[2,1,1,1],"2":[1,1,1,1],"3":[1,1],"4":[2,2],"5":[1,1]},"f":{"1":2,"2":2,"3":2},"fnMap":{"1":{"name":"(anonymous_1)","line":12,"loc":{"start":{"line":12,"column":1},"end":{"line":12,"column":13}}},"2":{"name":"(anonymous_2)","line":19,"loc":{"start":{"line":19,"column":5},"end":{"line":19,"column":17}}},"3":{"name":"(anonymous_3)","line":23,"loc":{"start":{"line":23,"column":24},"end":{"line":23,"column":36}}}},"statementMap":{"1":{"start":{"line":12,"column":0},"end":{"line":53,"column":5}},"2":{"start":{"line":14,"column":4},"end":{"line":14,"column":14}},"3":{"start":{"line":19,"column":4},"end":{"line":52,"column":9}},"4":{"start":{"line":21,"column":8},"end":{"line":21,"column":19}},"5":{"start":{"line":23,"column":8},"end":{"line":35,"column":13}},"6":{"start":{"line":24,"column":12},"end":{"line":34,"column":13}},"7":{"start":{"line":25,"column":16},"end":{"line":28,"column":30}},"8":{"start":{"line":30,"column":16},"end":{"line":33,"column":27}},"9":{"start":{"line":37,"column":8},"end":{"line":39,"column":21}},"10":{"start":{"line":41,"column":8},"end":{"line":41,"column":54}},"11":{"start":{"line":43,"column":8},"end":{"line":43,"column":56}},"12":{"start":{"line":45,"column":8},"end":{"line":51,"column":9}},"13":{"start":{"line":46,"column":12},"end":{"line":46,"column":62}},"14":{"start":{"line":48,"column":12},"end":{"line":48,"column":35}},"15":{"start":{"line":49,"column":12},"end":{"line":49,"column":49}},"16":{"start":{"line":50,"column":12},"end":{"line":50,"column":43}}},"branchMap":{"1":{"line":25,"type":"binary-expr","locations":[{"start":{"line":25,"column":23},"end":{"line":25,"column":62}},{"start":{"line":26,"column":20},"end":{"line":26,"column":70}},{"start":{"line":27,"column":20},"end":{"line":27,"column":71}},{"start":{"line":28,"column":20},"end":{"line":28,"column":29}}]},"2":{"line":30,"type":"binary-expr","locations":[{"start":{"line":30,"column":23},"end":{"line":30,"column":37}},{"start":{"line":31,"column":20},"end":{"line":31,"column":61}},{"start":{"line":32,"column":20},"end":{"line":32,"column":70}},{"start":{"line":33,"column":20},"end":{"line":33,"column":26}}]},"3":{"line":37,"type":"cond-expr","locations":[{"start":{"line":38,"column":14},"end":{"line":38,"column":20}},{"start":{"line":39,"column":14},"end":{"line":39,"column":20}}]},"4":{"line":41,"type":"binary-expr","locations":[{"start":{"line":41,"column":16},"end":{"line":41,"column":44}},{"start":{"line":41,"column":48},"end":{"line":41,"column":53}}]},"5":{"line":45,"type":"if","locations":[{"start":{"line":45,"column":8},"end":{"line":45,"column":8}},{"start":{"line":45,"column":8},"end":{"line":45,"column":8}}]}},"code":["/* istanbul instrument in package npmtest_schenkerian */","/*jslint","    bitwise: true,","    browser: true,","    maxerr: 8,","    maxlen: 96,","    node: true,","    nomen: true,","    regexp: true,","    stupid: true","*/","(function () {","    'use strict';","    var local;","","","","    // run shared js-env code - pre-init","    (function () {","        // init local","        local = {};","        // init modeJs","        local.modeJs = (function () {","            try {","                return typeof navigator.userAgent === 'string' &&","                    typeof document.querySelector('body') === 'object' &&","                    typeof XMLHttpRequest.prototype.open === 'function' &&","                    'browser';","            } catch (errorCaughtBrowser) {","                return module.exports &&","                    typeof process.versions.node === 'string' &&","                    typeof require('http').createServer === 'function' &&","                    'node';","            }","        }());","        // init global","        local.global = local.modeJs === 'browser'","            ? window","            : global;","        // init utility2_rollup","        local = local.global.utility2_rollup || local;","        // init lib","        local.local = local.npmtest_schenkerian = local;","        // init exports","        if (local.modeJs === 'browser') {","            local.global.utility2_npmtest_schenkerian = local;","        } else {","            module.exports = local;","            module.exports.__dirname = __dirname;","            module.exports.module = module;","        }","    }());","}());",""],"l":{"12":2,"14":2,"19":2,"21":2,"23":2,"24":2,"25":2,"30":1,"37":2,"41":2,"43":2,"45":2,"46":1,"48":1,"49":1,"50":1}},"/home/travis/build/npmtest/node-npmtest-schenkerian/example.js":{"path":"/home/travis/build/npmtest/node-npmtest-schenkerian/example.js","s":{"1":2,"2":2,"3":2,"4":2,"5":2,"6":2,"7":2,"8":1,"9":2,"10":2,"11":2,"12":2,"13":1,"14":2,"15":2,"16":2,"17":2,"18":2,"19":0,"20":2,"21":1,"22":1,"23":1,"24":1,"25":1,"26":0,"27":0,"28":1,"29":1,"30":2,"31":0,"32":0,"33":0,"34":1,"35":2,"36":2,"37":3,"38":3,"39":3,"40":3,"41":0,"42":3,"43":3,"44":3,"45":1,"46":3,"47":1,"48":1,"49":1,"50":1,"51":1,"52":1,"53":1,"54":1,"55":1,"56":1,"57":0,"58":1,"59":6,"60":6,"61":1,"62":2,"63":0,"64":2,"65":1,"66":1,"67":0,"68":0,"69":0,"70":0,"71":0,"72":0,"73":0,"74":0,"75":0,"76":0,"77":0,"78":0,"79":0,"80":0,"81":0,"82":0,"83":0},"b":{"1":[2,1,1,1],"2":[1,1,1,1],"3":[1,1],"4":[2,2],"5":[1,1],"6":[1,1],"7":[2,0],"8":[2,1,1,1,1,1],"9":[0,2,0],"10":[1,1],"11":[2,1,1],"12":[1,0],"13":[0,2],"14":[2,0,0,0,0,0,0],"15":[0,3],"16":[3,0],"17":[1,1],"18":[0,1],"19":[1,2,0,2],"20":[1,0],"21":[1,1],"22":[0,0],"23":[0,0],"24":[0,0],"25":[0,0],"26":[0,0],"27":[0,0],"28":[0,0]},"f":{"1":2,"2":2,"3":2,"4":2,"5":2,"6":2,"7":3,"8":3,"9":3,"10":1,"11":6,"12":0},"fnMap":{"1":{"name":"(anonymous_1)","line":26,"loc":{"start":{"line":26,"column":1},"end":{"line":26,"column":13}}},"2":{"name":"(anonymous_2)","line":33,"loc":{"start":{"line":33,"column":5},"end":{"line":33,"column":17}}},"3":{"name":"(anonymous_3)","line":37,"loc":{"start":{"line":37,"column":24},"end":{"line":37,"column":36}}},"4":{"name":"(anonymous_4)","line":69,"loc":{"start":{"line":69,"column":31},"end":{"line":69,"column":48}},"skip":true},"5":{"name":"(anonymous_5)","line":78,"loc":{"start":{"line":78,"column":26},"end":{"line":78,"column":45}},"skip":true},"6":{"name":"(anonymous_6)","line":123,"loc":{"start":{"line":123,"column":33},"end":{"line":123,"column":48}},"skip":true},"7":{"name":"(anonymous_7)","line":125,"loc":{"start":{"line":125,"column":27},"end":{"line":125,"column":39}},"skip":true},"8":{"name":"(anonymous_8)","line":133,"loc":{"start":{"line":133,"column":59},"end":{"line":133,"column":74}},"skip":true},"9":{"name":"(anonymous_9)","line":143,"loc":{"start":{"line":143,"column":45},"end":{"line":143,"column":62}},"skip":true},"10":{"name":"(anonymous_10)","line":144,"loc":{"start":{"line":144,"column":73},"end":{"line":144,"column":92}},"skip":true},"11":{"name":"(anonymous_11)","line":272,"loc":{"start":{"line":272,"column":51},"end":{"line":272,"column":77}},"skip":true},"12":{"name":"(anonymous_12)","line":315,"loc":{"start":{"line":315,"column":32},"end":{"line":315,"column":61}},"skip":true}},"statementMap":{"1":{"start":{"line":26,"column":0},"end":{"line":326,"column":5}},"2":{"start":{"line":28,"column":4},"end":{"line":28,"column":14}},"3":{"start":{"line":33,"column":4},"end":{"line":60,"column":9}},"4":{"start":{"line":35,"column":8},"end":{"line":35,"column":19}},"5":{"start":{"line":37,"column":8},"end":{"line":49,"column":13}},"6":{"start":{"line":38,"column":12},"end":{"line":48,"column":13}},"7":{"start":{"line":39,"column":16},"end":{"line":42,"column":30}},"8":{"start":{"line":44,"column":16},"end":{"line":47,"column":27}},"9":{"start":{"line":51,"column":8},"end":{"line":53,"column":21}},"10":{"start":{"line":55,"column":8},"end":{"line":57,"column":45}},"11":{"start":{"line":59,"column":8},"end":{"line":59,"column":35}},"12":{"start":{"line":61,"column":4},"end":{"line":325,"column":5}},"13":{"start":{"line":69,"column":8},"end":{"line":121,"column":10},"skip":true},"14":{"start":{"line":70,"column":12},"end":{"line":88,"column":13},"skip":true},"15":{"start":{"line":76,"column":16},"end":{"line":87,"column":19},"skip":true},"16":{"start":{"line":79,"column":20},"end":{"line":86,"column":21},"skip":true},"17":{"start":{"line":82,"column":24},"end":{"line":82,"column":43},"skip":true},"18":{"start":{"line":83,"column":24},"end":{"line":83,"column":30},"skip":true},"19":{"start":{"line":85,"column":24},"end":{"line":85,"column":49},"skip":true},"20":{"start":{"line":89,"column":12},"end":{"line":107,"column":13},"skip":true},"21":{"start":{"line":92,"column":16},"end":{"line":102,"column":17},"skip":true},"22":{"start":{"line":93,"column":20},"end":{"line":93,"column":86},"skip":true},"23":{"start":{"line":94,"column":20},"end":{"line":95,"column":45},"skip":true},"24":{"start":{"line":96,"column":20},"end":{"line":96,"column":42},"skip":true},"25":{"start":{"line":97,"column":20},"end":{"line":97,"column":48},"skip":true},"26":{"start":{"line":100,"column":20},"end":{"line":100,"column":85},"skip":true},"27":{"start":{"line":101,"column":20},"end":{"line":101,"column":96},"skip":true},"28":{"start":{"line":103,"column":16},"end":{"line":103,"column":22},"skip":true},"29":{"start":{"line":106,"column":16},"end":{"line":106,"column":22},"skip":true},"30":{"start":{"line":108,"column":12},"end":{"line":120,"column":13},"skip":true},"31":{"start":{"line":114,"column":16},"end":{"line":119,"column":17},"skip":true},"32":{"start":{"line":116,"column":20},"end":{"line":116,"column":78},"skip":true},"33":{"start":{"line":118,"column":20},"end":{"line":118,"column":47},"skip":true},"34":{"start":{"line":123,"column":8},"end":{"line":141,"column":11},"skip":true},"35":{"start":{"line":124,"column":12},"end":{"line":124,"column":54},"skip":true},"36":{"start":{"line":125,"column":12},"end":{"line":140,"column":14},"skip":true},"37":{"start":{"line":126,"column":16},"end":{"line":126,"column":28},"skip":true},"38":{"start":{"line":127,"column":16},"end":{"line":127,"column":69},"skip":true},"39":{"start":{"line":128,"column":16},"end":{"line":128,"column":75},"skip":true},"40":{"start":{"line":129,"column":16},"end":{"line":131,"column":17},"skip":true},"41":{"start":{"line":130,"column":20},"end":{"line":130,"column":27},"skip":true},"42":{"start":{"line":133,"column":16},"end":{"line":137,"column":36},"skip":true},"43":{"start":{"line":134,"column":20},"end":{"line":136,"column":55},"skip":true},"44":{"start":{"line":139,"column":16},"end":{"line":139,"column":57},"skip":true},"45":{"start":{"line":143,"column":8},"end":{"line":147,"column":11},"skip":true},"46":{"start":{"line":144,"column":12},"end":{"line":146,"column":15},"skip":true},"47":{"start":{"line":145,"column":16},"end":{"line":145,"column":70},"skip":true},"48":{"start":{"line":149,"column":8},"end":{"line":149,"column":31},"skip":true},"49":{"start":{"line":150,"column":8},"end":{"line":150,"column":14},"skip":true},"50":{"start":{"line":158,"column":8},"end":{"line":158,"column":31},"skip":true},"51":{"start":{"line":160,"column":8},"end":{"line":160,"column":33},"skip":true},"52":{"start":{"line":161,"column":8},"end":{"line":161,"column":37},"skip":true},"53":{"start":{"line":162,"column":8},"end":{"line":162,"column":35},"skip":true},"54":{"start":{"line":164,"column":8},"end":{"line":164,"column":50},"skip":true},"55":{"start":{"line":166,"column":8},"end":{"line":256,"column":2},"skip":true},"56":{"start":{"line":258,"column":8},"end":{"line":286,"column":9},"skip":true},"57":{"start":{"line":259,"column":12},"end":{"line":269,"column":14},"skip":true},"58":{"start":{"line":271,"column":12},"end":{"line":285,"column":19},"skip":true},"59":{"start":{"line":274,"column":20},"end":{"line":274,"column":35},"skip":true},"60":{"start":{"line":275,"column":20},"end":{"line":284,"column":21},"skip":true},"61":{"start":{"line":277,"column":24},"end":{"line":277,"column":64},"skip":true},"62":{"start":{"line":279,"column":24},"end":{"line":279,"column":40},"skip":true},"63":{"start":{"line":281,"column":24},"end":{"line":281,"column":40},"skip":true},"64":{"start":{"line":283,"column":24},"end":{"line":283,"column":39},"skip":true},"65":{"start":{"line":288,"column":8},"end":{"line":290,"column":9},"skip":true},"66":{"start":{"line":289,"column":12},"end":{"line":289,"column":18},"skip":true},"67":{"start":{"line":291,"column":8},"end":{"line":293,"column":54},"skip":true},"68":{"start":{"line":296,"column":8},"end":{"line":301,"column":37},"skip":true},"69":{"start":{"line":303,"column":8},"end":{"line":303,"column":82},"skip":true},"70":{"start":{"line":306,"column":8},"end":{"line":308,"column":9},"skip":true},"71":{"start":{"line":307,"column":12},"end":{"line":307,"column":82},"skip":true},"72":{"start":{"line":310,"column":8},"end":{"line":312,"column":9},"skip":true},"73":{"start":{"line":311,"column":12},"end":{"line":311,"column":18},"skip":true},"74":{"start":{"line":313,"column":8},"end":{"line":313,"column":54},"skip":true},"75":{"start":{"line":314,"column":8},"end":{"line":314,"column":69},"skip":true},"76":{"start":{"line":315,"column":8},"end":{"line":323,"column":36},"skip":true},"77":{"start":{"line":316,"column":12},"end":{"line":316,"column":61},"skip":true},"78":{"start":{"line":317,"column":12},"end":{"line":320,"column":13},"skip":true},"79":{"start":{"line":318,"column":16},"end":{"line":318,"column":75},"skip":true},"80":{"start":{"line":319,"column":16},"end":{"line":319,"column":23},"skip":true},"81":{"start":{"line":321,"column":12},"end":{"line":321,"column":38},"skip":true},"82":{"start":{"line":322,"column":12},"end":{"line":322,"column":27},"skip":true},"83":{"start":{"line":324,"column":8},"end":{"line":324,"column":14},"skip":true}},"branchMap":{"1":{"line":39,"type":"binary-expr","locations":[{"start":{"line":39,"column":23},"end":{"line":39,"column":62}},{"start":{"line":40,"column":20},"end":{"line":40,"column":70}},{"start":{"line":41,"column":20},"end":{"line":41,"column":71}},{"start":{"line":42,"column":20},"end":{"line":42,"column":29}}]},"2":{"line":44,"type":"binary-expr","locations":[{"start":{"line":44,"column":23},"end":{"line":44,"column":37}},{"start":{"line":45,"column":20},"end":{"line":45,"column":61}},{"start":{"line":46,"column":20},"end":{"line":46,"column":70}},{"start":{"line":47,"column":20},"end":{"line":47,"column":26}}]},"3":{"line":51,"type":"cond-expr","locations":[{"start":{"line":52,"column":14},"end":{"line":52,"column":20}},{"start":{"line":53,"column":14},"end":{"line":53,"column":20}}]},"4":{"line":55,"type":"binary-expr","locations":[{"start":{"line":55,"column":16},"end":{"line":55,"column":44}},{"start":{"line":55,"column":49},"end":{"line":57,"column":43}}]},"5":{"line":55,"type":"cond-expr","locations":[{"start":{"line":56,"column":14},"end":{"line":56,"column":55}},{"start":{"line":57,"column":14},"end":{"line":57,"column":43}}]},"6":{"line":61,"type":"switch","locations":[{"start":{"line":68,"column":4},"end":{"line":150,"column":14},"skip":true},{"start":{"line":156,"column":4},"end":{"line":324,"column":14},"skip":true}]},"7":{"line":70,"type":"if","locations":[{"start":{"line":70,"column":12},"end":{"line":70,"column":12},"skip":true},{"start":{"line":70,"column":12},"end":{"line":70,"column":12},"skip":true}]},"8":{"line":70,"type":"binary-expr","locations":[{"start":{"line":70,"column":16},"end":{"line":70,"column":22},"skip":true},{"start":{"line":70,"column":27},"end":{"line":70,"column":32},"skip":true},{"start":{"line":71,"column":20},"end":{"line":71,"column":39},"skip":true},{"start":{"line":72,"column":20},"end":{"line":72,"column":49},"skip":true},{"start":{"line":73,"column":20},"end":{"line":73,"column":58},"skip":true},{"start":{"line":74,"column":20},"end":{"line":74,"column":69},"skip":true}]},"9":{"line":79,"type":"switch","locations":[{"start":{"line":80,"column":20},"end":{"line":80,"column":33},"skip":true},{"start":{"line":81,"column":20},"end":{"line":83,"column":30},"skip":true},{"start":{"line":84,"column":20},"end":{"line":85,"column":49},"skip":true}]},"10":{"line":89,"type":"switch","locations":[{"start":{"line":90,"column":12},"end":{"line":103,"column":22},"skip":true},{"start":{"line":105,"column":12},"end":{"line":106,"column":22},"skip":true}]},"11":{"line":89,"type":"binary-expr","locations":[{"start":{"line":89,"column":20},"end":{"line":89,"column":25},"skip":true},{"start":{"line":89,"column":29},"end":{"line":89,"column":48},"skip":true},{"start":{"line":89,"column":52},"end":{"line":89,"column":74},"skip":true}]},"12":{"line":92,"type":"if","locations":[{"start":{"line":92,"column":16},"end":{"line":92,"column":16},"skip":true},{"start":{"line":92,"column":16},"end":{"line":92,"column":16},"skip":true}]},"13":{"line":108,"type":"if","locations":[{"start":{"line":108,"column":12},"end":{"line":108,"column":12},"skip":true},{"start":{"line":108,"column":12},"end":{"line":108,"column":12},"skip":true}]},"14":{"line":108,"type":"binary-expr","locations":[{"start":{"line":108,"column":16},"end":{"line":108,"column":61},"skip":true},{"start":{"line":108,"column":66},"end":{"line":108,"column":72},"skip":true},{"start":{"line":108,"column":77},"end":{"line":108,"column":82},"skip":true},{"start":{"line":109,"column":20},"end":{"line":109,"column":39},"skip":true},{"start":{"line":110,"column":20},"end":{"line":110,"column":49},"skip":true},{"start":{"line":111,"column":20},"end":{"line":111,"column":58},"skip":true},{"start":{"line":112,"column":20},"end":{"line":112,"column":68},"skip":true}]},"15":{"line":129,"type":"if","locations":[{"start":{"line":129,"column":16},"end":{"line":129,"column":16},"skip":true},{"start":{"line":129,"column":16},"end":{"line":129,"column":16},"skip":true}]},"16":{"line":134,"type":"cond-expr","locations":[{"start":{"line":135,"column":26},"end":{"line":135,"column":29},"skip":true},{"start":{"line":136,"column":26},"end":{"line":136,"column":54},"skip":true}]},"17":{"line":164,"type":"binary-expr","locations":[{"start":{"line":164,"column":27},"end":{"line":164,"column":43},"skip":true},{"start":{"line":164,"column":47},"end":{"line":164,"column":49},"skip":true}]},"18":{"line":258,"type":"if","locations":[{"start":{"line":258,"column":8},"end":{"line":258,"column":8},"skip":true},{"start":{"line":258,"column":8},"end":{"line":258,"column":8},"skip":true}]},"19":{"line":275,"type":"switch","locations":[{"start":{"line":276,"column":20},"end":{"line":277,"column":64},"skip":true},{"start":{"line":278,"column":20},"end":{"line":279,"column":40},"skip":true},{"start":{"line":280,"column":20},"end":{"line":281,"column":40},"skip":true},{"start":{"line":282,"column":20},"end":{"line":283,"column":39},"skip":true}]},"20":{"line":288,"type":"if","locations":[{"start":{"line":288,"column":8},"end":{"line":288,"column":8},"skip":true},{"start":{"line":288,"column":8},"end":{"line":288,"column":8},"skip":true}]},"21":{"line":288,"type":"binary-expr","locations":[{"start":{"line":288,"column":12},"end":{"line":288,"column":40},"skip":true},{"start":{"line":288,"column":44},"end":{"line":288,"column":67},"skip":true}]},"22":{"line":292,"type":"binary-expr","locations":[{"start":{"line":292,"column":12},"end":{"line":292,"column":50},"skip":true},{"start":{"line":293,"column":12},"end":{"line":293,"column":53},"skip":true}]},"23":{"line":297,"type":"binary-expr","locations":[{"start":{"line":297,"column":12},"end":{"line":297,"column":69},"skip":true},{"start":{"line":298,"column":12},"end":{"line":301,"column":36},"skip":true}]},"24":{"line":303,"type":"binary-expr","locations":[{"start":{"line":303,"column":43},"end":{"line":303,"column":75},"skip":true},{"start":{"line":303,"column":79},"end":{"line":303,"column":81},"skip":true}]},"25":{"line":306,"type":"if","locations":[{"start":{"line":306,"column":8},"end":{"line":306,"column":8},"skip":true},{"start":{"line":306,"column":8},"end":{"line":306,"column":8},"skip":true}]},"26":{"line":310,"type":"if","locations":[{"start":{"line":310,"column":8},"end":{"line":310,"column":8},"skip":true},{"start":{"line":310,"column":8},"end":{"line":310,"column":8},"skip":true}]},"27":{"line":313,"type":"binary-expr","locations":[{"start":{"line":313,"column":27},"end":{"line":313,"column":43},"skip":true},{"start":{"line":313,"column":47},"end":{"line":313,"column":53},"skip":true}]},"28":{"line":317,"type":"if","locations":[{"start":{"line":317,"column":12},"end":{"line":317,"column":12},"skip":true},{"start":{"line":317,"column":12},"end":{"line":317,"column":12},"skip":true}]}},"code":["/*","example.js","","quickstart example","","instruction","    1. save this script as example.js","    2. run the shell command:","        $ npm install npmtest-schenkerian && PORT=8081 node example.js","    3. play with the browser-demo on http://127.0.0.1:8081","*/","","","","/* istanbul instrument in package npmtest_schenkerian */","/*jslint","    bitwise: true,","    browser: true,","    maxerr: 8,","    maxlen: 96,","    node: true,","    nomen: true,","    regexp: true,","    stupid: true","*/","(function () {","    'use strict';","    var local;","","","","    // run shared js-env code - pre-init","    (function () {","        // init local","        local = {};","        // init modeJs","        local.modeJs = (function () {","            try {","                return typeof navigator.userAgent === 'string' &&","                    typeof document.querySelector('body') === 'object' &&","                    typeof XMLHttpRequest.prototype.open === 'function' &&","                    'browser';","            } catch (errorCaughtBrowser) {","                return module.exports &&","                    typeof process.versions.node === 'string' &&","                    typeof require('http').createServer === 'function' &&","                    'node';","            }","        }());","        // init global","        local.global = local.modeJs === 'browser'","            ? window","            : global;","        // init utility2_rollup","        local = local.global.utility2_rollup || (local.modeJs === 'browser'","            ? local.global.utility2_npmtest_schenkerian","            : global.utility2_moduleExports);","        // export local","        local.global.local = local;","    }());","    switch (local.modeJs) {","","","","    // post-init","    // run browser js-env code - post-init","    /* istanbul ignore next */","    case 'browser':","        local.testRunBrowser = function (event) {","            if (!event || (event &&","                    event.currentTarget &&","                    event.currentTarget.className &&","                    event.currentTarget.className.includes &&","                    event.currentTarget.className.includes('onreset'))) {","                // reset output","                Array.from(","                    document.querySelectorAll('body > .resettable')","                ).forEach(function (element) {","                    switch (element.tagName) {","                    case 'INPUT':","                    case 'TEXTAREA':","                        element.value = '';","                        break;","                    default:","                        element.textContent = '';","                    }","                });","            }","            switch (event && event.currentTarget && event.currentTarget.id) {","            case 'testRunButton1':","                // show tests","                if (document.querySelector('#testReportDiv1').style.display === 'none') {","                    document.querySelector('#testReportDiv1').style.display = 'block';","                    document.querySelector('#testRunButton1').textContent =","                        'hide internal test';","                    local.modeTest = true;","                    local.testRunDefault(local);","                // hide tests","                } else {","                    document.querySelector('#testReportDiv1').style.display = 'none';","                    document.querySelector('#testRunButton1').textContent = 'run internal test';","                }","                break;","            // custom-case","            default:","                break;","            }","            if (document.querySelector('#inputTextareaEval1') && (!event || (event &&","                    event.currentTarget &&","                    event.currentTarget.className &&","                    event.currentTarget.className.includes &&","                    event.currentTarget.className.includes('oneval')))) {","                // try to eval input-code","                try {","                    /*jslint evil: true*/","                    eval(document.querySelector('#inputTextareaEval1').value);","                } catch (errorCaught) {","                    console.error(errorCaught);","                }","            }","        };","        // log stderr and stdout to #outputTextareaStdout1","        ['error', 'log'].forEach(function (key) {","            console[key + '_original'] = console[key];","            console[key] = function () {","                var element;","                console[key + '_original'].apply(console, arguments);","                element = document.querySelector('#outputTextareaStdout1');","                if (!element) {","                    return;","                }","                // append text to #outputTextareaStdout1","                element.value += Array.from(arguments).map(function (arg) {","                    return typeof arg === 'string'","                        ? arg","                        : JSON.stringify(arg, null, 4);","                }).join(' ') + '\\n';","                // scroll textarea to bottom","                element.scrollTop = element.scrollHeight;","            };","        });","        // init event-handling","        ['change', 'click', 'keyup'].forEach(function (event) {","            Array.from(document.querySelectorAll('.on' + event)).forEach(function (element) {","                element.addEventListener(event, local.testRunBrowser);","            });","        });","        // run tests","        local.testRunBrowser();","        break;","","","","    // run node js-env code - post-init","    /* istanbul ignore next */","    case 'node':","        // export local","        module.exports = local;","        // require modules","        local.fs = require('fs');","        local.http = require('http');","        local.url = require('url');","        // init assets","        local.assetsDict = local.assetsDict || {};","        /* jslint-ignore-begin */","        local.assetsDict['/assets.index.template.html'] = '\\","<!doctype html>\\n\\","<html lang=\"en\">\\n\\","<head>\\n\\","<meta charset=\"UTF-8\">\\n\\","<meta name=\"viewport\" content=\"width=device-width, initial-scale=1\">\\n\\","<title>{{env.npm_package_name}} (v{{env.npm_package_version}})</title>\\n\\","<style>\\n\\","/*csslint\\n\\","    box-sizing: false,\\n\\","    universal-selector: false\\n\\","*/\\n\\","* {\\n\\","    box-sizing: border-box;\\n\\","}\\n\\","body {\\n\\","    background: #dde;\\n\\","    font-family: Arial, Helvetica, sans-serif;\\n\\","    margin: 2rem;\\n\\","}\\n\\","body > * {\\n\\","    margin-bottom: 1rem;\\n\\","}\\n\\",".utility2FooterDiv {\\n\\","    margin-top: 20px;\\n\\","    text-align: center;\\n\\","}\\n\\","</style>\\n\\","<style>\\n\\","/*csslint\\n\\","*/\\n\\","textarea {\\n\\","    font-family: monospace;\\n\\","    height: 10rem;\\n\\","    width: 100%;\\n\\","}\\n\\","textarea[readonly] {\\n\\","    background: #ddd;\\n\\","}\\n\\","</style>\\n\\","</head>\\n\\","<body>\\n\\","<!-- utility2-comment\\n\\","<div id=\"ajaxProgressDiv1\" style=\"background: #d00; height: 2px; left: 0; margin: 0; padding: 0; position: fixed; top: 0; transition: background 0.5s, width 1.5s; width: 25%;\"></div>\\n\\","utility2-comment -->\\n\\","<h1>\\n\\","<!-- utility2-comment\\n\\","    <a\\n\\","        {{#if env.npm_package_homepage}}\\n\\","        href=\"{{env.npm_package_homepage}}\"\\n\\","        {{/if env.npm_package_homepage}}\\n\\","        target=\"_blank\"\\n\\","    >\\n\\","utility2-comment -->\\n\\","        {{env.npm_package_name}} (v{{env.npm_package_version}})\\n\\","<!-- utility2-comment\\n\\","    </a>\\n\\","utility2-comment -->\\n\\","</h1>\\n\\","<h3>{{env.npm_package_description}}</h3>\\n\\","<!-- utility2-comment\\n\\","<h4><a download href=\"assets.app.js\">download standalone app</a></h4>\\n\\","<button class=\"onclick onreset\" id=\"testRunButton1\">run internal test</button><br>\\n\\","<div id=\"testReportDiv1\" style=\"display: none;\"></div>\\n\\","utility2-comment -->\\n\\","\\n\\","\\n\\","\\n\\","<label>stderr and stdout</label>\\n\\","<textarea class=\"resettable\" id=\"outputTextareaStdout1\" readonly></textarea>\\n\\","<!-- utility2-comment\\n\\","{{#if isRollup}}\\n\\","<script src=\"assets.app.js\"></script>\\n\\","{{#unless isRollup}}\\n\\","utility2-comment -->\\n\\","<script src=\"assets.utility2.rollup.js\"></script>\\n\\","<script src=\"jsonp.utility2._stateInit?callback=window.utility2._stateInit\"></script>\\n\\","<script src=\"assets.npmtest_schenkerian.rollup.js\"></script>\\n\\","<script src=\"assets.example.js\"></script>\\n\\","<script src=\"assets.test.js\"></script>\\n\\","<!-- utility2-comment\\n\\","{{/if isRollup}}\\n\\","utility2-comment -->\\n\\","<div class=\"utility2FooterDiv\">\\n\\","    [ this app was created with\\n\\","    <a href=\"https://github.com/kaizhu256/node-utility2\" target=\"_blank\">utility2</a>\\n\\","    ]\\n\\","</div>\\n\\","</body>\\n\\","</html>\\n\\","';","        /* jslint-ignore-end */","        if (local.templateRender) {","            local.assetsDict['/'] = local.templateRender(","                local.assetsDict['/assets.index.template.html'],","                {","                    env: local.objectSetDefault(local.env, {","                        npm_package_description: 'the greatest app in the world!',","                        npm_package_name: 'my-app',","                        npm_package_nameAlias: 'my_app',","                        npm_package_version: '0.0.1'","                    })","                }","            );","        } else {","            local.assetsDict['/'] = local.assetsDict['/assets.index.template.html']","                .replace((/\\{\\{env\\.(\\w+?)\\}\\}/g), function (match0, match1) {","                    // jslint-hack","                    String(match0);","                    switch (match1) {","                    case 'npm_package_description':","                        return 'the greatest app in the world!';","                    case 'npm_package_name':","                        return 'my-app';","                    case 'npm_package_nameAlias':","                        return 'my_app';","                    case 'npm_package_version':","                        return '0.0.1';","                    }","                });","        }","        // run the cli","        if (local.global.utility2_rollup || module !== require.main) {","            break;","        }","        local.assetsDict['/assets.example.js'] =","            local.assetsDict['/assets.example.js'] ||","            local.fs.readFileSync(__filename, 'utf8');","        // bug-workaround - long $npm_package_buildCustomOrg","        /* jslint-ignore-begin */","        local.assetsDict['/assets.npmtest_schenkerian.rollup.js'] =","            local.assetsDict['/assets.npmtest_schenkerian.rollup.js'] ||","            local.fs.readFileSync(","                local.npmtest_schenkerian.__dirname + '/lib.npmtest_schenkerian.js',","                'utf8'","            ).replace((/^#!/), '//');","        /* jslint-ignore-end */","        local.assetsDict['/favicon.ico'] = local.assetsDict['/favicon.ico'] || '';","        // if $npm_config_timeout_exit exists,","        // then exit this process after $npm_config_timeout_exit ms","        if (Number(process.env.npm_config_timeout_exit)) {","            setTimeout(process.exit, Number(process.env.npm_config_timeout_exit));","        }","        // start server","        if (local.global.utility2_serverHttp1) {","            break;","        }","        process.env.PORT = process.env.PORT || '8081';","        console.error('server starting on port ' + process.env.PORT);","        local.http.createServer(function (request, response) {","            request.urlParsed = local.url.parse(request.url);","            if (local.assetsDict[request.urlParsed.pathname] !== undefined) {","                response.end(local.assetsDict[request.urlParsed.pathname]);","                return;","            }","            response.statusCode = 404;","            response.end();","        }).listen(process.env.PORT);","        break;","    }","}());",""],"l":{"26":2,"28":2,"33":2,"35":2,"37":2,"38":2,"39":2,"44":1,"51":2,"55":2,"59":2,"61":2,"69":1,"70":2,"76":2,"79":2,"82":2,"83":2,"85":1,"89":2,"92":1,"93":1,"94":1,"96":1,"97":1,"100":1,"101":1,"103":1,"106":1,"108":2,"114":1,"116":1,"118":1,"123":1,"124":2,"125":2,"126":3,"127":3,"128":3,"129":3,"130":1,"133":3,"134":3,"139":3,"143":1,"144":3,"145":1,"149":1,"150":1,"158":1,"160":1,"161":1,"162":1,"164":1,"166":1,"258":1,"259":1,"271":1,"274":6,"275":6,"277":1,"279":2,"281":1,"283":2,"288":1,"289":1,"291":1,"296":1,"303":1,"306":1,"307":1,"310":1,"311":1,"313":1,"314":1,"315":1,"316":1,"317":1,"318":1,"319":1,"321":1,"322":1,"324":1}},"/home/travis/build/npmtest/node-npmtest-schenkerian/node_modules/schenkerian/index.js":{"path":"/home/travis/build/npmtest/node-npmtest-schenkerian/node_modules/schenkerian/index.js","s":{"1":1,"2":1,"3":1,"4":1,"5":1,"6":1,"7":1,"8":1,"9":1,"10":1,"11":1,"12":1,"13":1,"14":1,"15":1,"16":1,"17":1,"18":1,"19":1,"20":1,"21":1,"22":1,"23":1,"24":1,"25":122,"26":1,"27":0,"28":0,"29":0,"30":0,"31":0,"32":0,"33":1,"34":0,"35":0,"36":0,"37":0,"38":0,"39":0,"40":0,"41":0,"42":0,"43":0,"44":0,"45":0,"46":0,"47":0,"48":0,"49":1,"50":0,"51":0,"52":0,"53":0,"54":0,"55":0,"56":0,"57":0,"58":0,"59":0,"60":0,"61":0,"62":0,"63":0,"64":0,"65":0,"66":0,"67":0,"68":0,"69":0,"70":0,"71":0,"72":0,"73":0,"74":0,"75":0,"76":0,"77":0,"78":0,"79":0,"80":0,"81":1,"82":0,"83":0,"84":0,"85":0,"86":0,"87":0,"88":0,"89":0,"90":0,"91":0,"92":0,"93":0,"94":0,"95":0,"96":0,"97":0,"98":0,"99":0,"100":0,"101":0,"102":1,"103":0,"104":0,"105":0,"106":0,"107":0,"108":0,"109":0,"110":0,"111":0,"112":0,"113":0,"114":0,"115":0,"116":0,"117":0,"118":0,"119":0,"120":0,"121":0,"122":0,"123":0,"124":0,"125":0,"126":0,"127":0,"128":0,"129":0,"130":0,"131":0,"132":1,"133":0,"134":0,"135":0,"136":1,"137":0,"138":0,"139":0,"140":1,"141":0,"142":0,"143":0,"144":0,"145":0,"146":0,"147":0,"148":0,"149":0,"150":0,"151":0,"152":1,"153":0,"154":0,"155":0,"156":0,"157":0,"158":1,"159":0,"160":0,"161":0,"162":0,"163":0,"164":0,"165":0,"166":1,"167":0,"168":0,"169":1,"170":0,"171":0,"172":0,"173":0,"174":0},"b":{"1":[0,0],"2":[0,0],"3":[0,0],"4":[0,0],"5":[0,0],"6":[0,0],"7":[0,0],"8":[0,0],"9":[0,0],"10":[0,0],"11":[0,0],"12":[0,0],"13":[0,0],"14":[0,0],"15":[0,0],"16":[0,0],"17":[0,0],"18":[0,0],"19":[0,0],"20":[0,0],"21":[0,0],"22":[0,0],"23":[0,0],"24":[0,0],"25":[0,0,0],"26":[0,0],"27":[0,0],"28":[0,0,0],"29":[0,0,0]},"f":{"1":122,"2":0,"3":0,"4":0,"5":0,"6":0,"7":0,"8":0,"9":0,"10":0,"11":0,"12":0,"13":0,"14":0,"15":0,"16":0,"17":0,"18":0,"19":0,"20":0,"21":0,"22":0,"23":0,"24":0,"25":0,"26":0,"27":0,"28":0,"29":0,"30":0,"31":0,"32":0,"33":0,"34":0,"35":0,"36":0,"37":0,"38":0,"39":0,"40":0,"41":0,"42":0,"43":0,"44":0,"45":0,"46":0},"fnMap":{"1":{"name":"commonWordAdd","line":33,"loc":{"start":{"line":33,"column":25},"end":{"line":33,"column":51}}},"2":{"name":"_export","line":37,"loc":{"start":{"line":37,"column":17},"end":{"line":37,"column":43}}},"3":{"name":"requestAndSendToAnalyze","line":47,"loc":{"start":{"line":47,"column":0},"end":{"line":47,"column":47}}},"4":{"name":"(anonymous_4)","line":65,"loc":{"start":{"line":65,"column":12},"end":{"line":65,"column":31}}},"5":{"name":"(anonymous_5)","line":76,"loc":{"start":{"line":76,"column":12},"end":{"line":76,"column":31}}},"6":{"name":"(anonymous_6)","line":88,"loc":{"start":{"line":88,"column":8},"end":{"line":88,"column":27}}},"7":{"name":"(anonymous_7)","line":92,"loc":{"start":{"line":92,"column":8},"end":{"line":92,"column":23}}},"8":{"name":"renderPage","line":97,"loc":{"start":{"line":97,"column":0},"end":{"line":97,"column":34}}},"9":{"name":"promise","line":100,"loc":{"start":{"line":100,"column":21},"end":{"line":100,"column":55}}},"10":{"name":"(anonymous_10)","line":119,"loc":{"start":{"line":119,"column":28},"end":{"line":119,"column":45}}},"11":{"name":"(anonymous_11)","line":123,"loc":{"start":{"line":123,"column":22},"end":{"line":123,"column":42}}},"12":{"name":"(anonymous_12)","line":133,"loc":{"start":{"line":133,"column":22},"end":{"line":133,"column":37}}},"13":{"name":"killChild","line":137,"loc":{"start":{"line":137,"column":23},"end":{"line":137,"column":44}}},"14":{"name":"(anonymous_14)","line":144,"loc":{"start":{"line":144,"column":15},"end":{"line":144,"column":27}}},"15":{"name":"(anonymous_15)","line":151,"loc":{"start":{"line":151,"column":9},"end":{"line":151,"column":24}}},"16":{"name":"analyze","line":157,"loc":{"start":{"line":157,"column":0},"end":{"line":157,"column":42}}},"17":{"name":"(anonymous_17)","line":161,"loc":{"start":{"line":161,"column":10},"end":{"line":161,"column":28}}},"18":{"name":"(anonymous_18)","line":166,"loc":{"start":{"line":166,"column":8},"end":{"line":166,"column":24}}},"19":{"name":"(anonymous_19)","line":177,"loc":{"start":{"line":177,"column":28},"end":{"line":177,"column":44}}},"20":{"name":"(anonymous_20)","line":181,"loc":{"start":{"line":181,"column":32},"end":{"line":181,"column":48}}},"21":{"name":"(anonymous_21)","line":197,"loc":{"start":{"line":197,"column":8},"end":{"line":197,"column":27}}},"22":{"name":"(anonymous_22)","line":200,"loc":{"start":{"line":200,"column":14},"end":{"line":200,"column":32}}},"23":{"name":"gatherMetaData","line":210,"loc":{"start":{"line":210,"column":0},"end":{"line":210,"column":35}}},"24":{"name":"(anonymous_24)","line":225,"loc":{"start":{"line":225,"column":8},"end":{"line":225,"column":30}}},"25":{"name":"(anonymous_25)","line":228,"loc":{"start":{"line":228,"column":87},"end":{"line":228,"column":106}}},"26":{"name":"(anonymous_26)","line":232,"loc":{"start":{"line":232,"column":37},"end":{"line":232,"column":56}}},"27":{"name":"(anonymous_27)","line":238,"loc":{"start":{"line":238,"column":91},"end":{"line":238,"column":110}}},"28":{"name":"(anonymous_28)","line":251,"loc":{"start":{"line":251,"column":25},"end":{"line":251,"column":68}}},"29":{"name":"(anonymous_29)","line":254,"loc":{"start":{"line":254,"column":45},"end":{"line":254,"column":64}}},"30":{"name":"cleanBody","line":272,"loc":{"start":{"line":272,"column":0},"end":{"line":272,"column":25}}},"31":{"name":"(anonymous_31)","line":339,"loc":{"start":{"line":339,"column":8},"end":{"line":339,"column":30}}},"32":{"name":"removeScript","line":344,"loc":{"start":{"line":344,"column":0},"end":{"line":344,"column":28}}},"33":{"name":"(anonymous_33)","line":351,"loc":{"start":{"line":351,"column":10},"end":{"line":351,"column":32}}},"34":{"name":"parseDom","line":356,"loc":{"start":{"line":356,"column":0},"end":{"line":356,"column":57}}},"35":{"name":"(anonymous_35)","line":357,"loc":{"start":{"line":357,"column":21},"end":{"line":357,"column":48}}},"36":{"name":"(anonymous_36)","line":367,"loc":{"start":{"line":367,"column":35},"end":{"line":367,"column":57}}},"37":{"name":"removeCommonWords","line":375,"loc":{"start":{"line":375,"column":0},"end":{"line":375,"column":37}}},"38":{"name":"(anonymous_38)","line":376,"loc":{"start":{"line":376,"column":21},"end":{"line":376,"column":48}}},"39":{"name":"lowerCaseAndTrim","line":380,"loc":{"start":{"line":380,"column":11},"end":{"line":380,"column":43}}},"40":{"name":"commonWordFilter","line":383,"loc":{"start":{"line":383,"column":14},"end":{"line":383,"column":46}}},"41":{"name":"requestPage","line":392,"loc":{"start":{"line":392,"column":0},"end":{"line":392,"column":37}}},"42":{"name":"(anonymous_42)","line":401,"loc":{"start":{"line":401,"column":21},"end":{"line":401,"column":48}}},"43":{"name":"reqCallback","line":402,"loc":{"start":{"line":402,"column":63},"end":{"line":402,"column":100}}},"44":{"name":"isMedia","line":411,"loc":{"start":{"line":411,"column":0},"end":{"line":411,"column":22}}},"45":{"name":"cookieJar","line":417,"loc":{"start":{"line":417,"column":0},"end":{"line":417,"column":32}}},"46":{"name":"(anonymous_46)","line":419,"loc":{"start":{"line":419,"column":19},"end":{"line":419,"column":40}}}},"statementMap":{"1":{"start":{"line":1,"column":0},"end":{"line":1,"column":25}},"2":{"start":{"line":2,"column":0},"end":{"line":2,"column":24}},"3":{"start":{"line":3,"column":0},"end":{"line":3,"column":20}},"4":{"start":{"line":4,"column":0},"end":{"line":4,"column":38}},"5":{"start":{"line":5,"column":0},"end":{"line":5,"column":50}},"6":{"start":{"line":6,"column":0},"end":{"line":6,"column":30}},"7":{"start":{"line":7,"column":0},"end":{"line":7,"column":41}},"8":{"start":{"line":8,"column":0},"end":{"line":8,"column":32}},"9":{"start":{"line":9,"column":0},"end":{"line":9,"column":33}},"10":{"start":{"line":10,"column":0},"end":{"line":10,"column":22}},"11":{"start":{"line":11,"column":0},"end":{"line":11,"column":27}},"12":{"start":{"line":12,"column":0},"end":{"line":12,"column":38}},"13":{"start":{"line":13,"column":0},"end":{"line":13,"column":22}},"14":{"start":{"line":14,"column":0},"end":{"line":14,"column":36}},"15":{"start":{"line":15,"column":0},"end":{"line":15,"column":26}},"16":{"start":{"line":16,"column":0},"end":{"line":16,"column":42}},"17":{"start":{"line":17,"column":0},"end":{"line":17,"column":32}},"18":{"start":{"line":19,"column":0},"end":{"line":19,"column":45}},"19":{"start":{"line":21,"column":0},"end":{"line":25,"column":1}},"20":{"start":{"line":27,"column":0},"end":{"line":27,"column":94}},"21":{"start":{"line":29,"column":0},"end":{"line":29,"column":65}},"22":{"start":{"line":30,"column":0},"end":{"line":30,"column":44}},"23":{"start":{"line":31,"column":0},"end":{"line":31,"column":51}},"24":{"start":{"line":33,"column":0},"end":{"line":35,"column":2}},"25":{"start":{"line":34,"column":2},"end":{"line":34,"column":20}},"26":{"start":{"line":37,"column":0},"end":{"line":45,"column":1}},"27":{"start":{"line":38,"column":2},"end":{"line":38,"column":23}},"28":{"start":{"line":39,"column":2},"end":{"line":44,"column":3}},"29":{"start":{"line":40,"column":4},"end":{"line":40,"column":59}},"30":{"start":{"line":42,"column":4},"end":{"line":42,"column":79}},"31":{"start":{"line":42,"column":24},"end":{"line":42,"column":79}},"32":{"start":{"line":43,"column":4},"end":{"line":43,"column":48}},"33":{"start":{"line":47,"column":0},"end":{"line":95,"column":1}},"34":{"start":{"line":48,"column":2},"end":{"line":54,"column":3}},"35":{"start":{"line":55,"column":2},"end":{"line":61,"column":3}},"36":{"start":{"line":56,"column":4},"end":{"line":56,"column":56}},"37":{"start":{"line":57,"column":4},"end":{"line":60,"column":5}},"38":{"start":{"line":63,"column":2},"end":{"line":72,"column":3}},"39":{"start":{"line":64,"column":4},"end":{"line":71,"column":8}},"40":{"start":{"line":66,"column":8},"end":{"line":70,"column":9}},"41":{"start":{"line":74,"column":2},"end":{"line":84,"column":3}},"42":{"start":{"line":75,"column":4},"end":{"line":83,"column":8}},"43":{"start":{"line":77,"column":8},"end":{"line":82,"column":9}},"44":{"start":{"line":86,"column":2},"end":{"line":86,"column":12}},"45":{"start":{"line":87,"column":2},"end":{"line":94,"column":4}},"46":{"start":{"line":89,"column":4},"end":{"line":89,"column":24}},"47":{"start":{"line":90,"column":4},"end":{"line":90,"column":62}},"48":{"start":{"line":93,"column":4},"end":{"line":93,"column":38}},"49":{"start":{"line":97,"column":0},"end":{"line":155,"column":1}},"50":{"start":{"line":98,"column":2},"end":{"line":98,"column":24}},"51":{"start":{"line":100,"column":2},"end":{"line":154,"column":4}},"52":{"start":{"line":101,"column":4},"end":{"line":104,"column":5}},"53":{"start":{"line":105,"column":4},"end":{"line":107,"column":5}},"54":{"start":{"line":106,"column":6},"end":{"line":106,"column":104}},"55":{"start":{"line":108,"column":4},"end":{"line":114,"column":6}},"56":{"start":{"line":116,"column":4},"end":{"line":116,"column":64}},"57":{"start":{"line":116,"column":21},"end":{"line":116,"column":64}},"58":{"start":{"line":117,"column":4},"end":{"line":117,"column":44}},"59":{"start":{"line":119,"column":4},"end":{"line":121,"column":6}},"60":{"start":{"line":120,"column":6},"end":{"line":120,"column":43}},"61":{"start":{"line":123,"column":4},"end":{"line":131,"column":6}},"62":{"start":{"line":124,"column":6},"end":{"line":129,"column":7}},"63":{"start":{"line":125,"column":8},"end":{"line":125,"column":65}},"64":{"start":{"line":127,"column":8},"end":{"line":128,"column":64}},"65":{"start":{"line":127,"column":41},"end":{"line":127,"column":75}},"66":{"start":{"line":128,"column":13},"end":{"line":128,"column":64}},"67":{"start":{"line":130,"column":6},"end":{"line":130,"column":18}},"68":{"start":{"line":133,"column":4},"end":{"line":135,"column":6}},"69":{"start":{"line":134,"column":6},"end":{"line":134,"column":17}},"70":{"start":{"line":137,"column":4},"end":{"line":142,"column":6}},"71":{"start":{"line":138,"column":6},"end":{"line":141,"column":7}},"72":{"start":{"line":139,"column":8},"end":{"line":139,"column":20}},"73":{"start":{"line":140,"column":8},"end":{"line":140,"column":100}},"74":{"start":{"line":144,"column":4},"end":{"line":149,"column":30}},"75":{"start":{"line":145,"column":6},"end":{"line":148,"column":7}},"76":{"start":{"line":146,"column":8},"end":{"line":146,"column":20}},"77":{"start":{"line":147,"column":8},"end":{"line":147,"column":119}},"78":{"start":{"line":152,"column":4},"end":{"line":152,"column":81}},"79":{"start":{"line":152,"column":33},"end":{"line":152,"column":81}},"80":{"start":{"line":153,"column":4},"end":{"line":153,"column":13}},"81":{"start":{"line":157,"column":0},"end":{"line":208,"column":1}},"82":{"start":{"line":158,"column":2},"end":{"line":207,"column":4}},"83":{"start":{"line":162,"column":6},"end":{"line":162,"column":57}},"84":{"start":{"line":162,"column":25},"end":{"line":162,"column":57}},"85":{"start":{"line":163,"column":6},"end":{"line":163,"column":19}},"86":{"start":{"line":167,"column":4},"end":{"line":167,"column":24}},"87":{"start":{"line":168,"column":4},"end":{"line":168,"column":25}},"88":{"start":{"line":169,"column":4},"end":{"line":174,"column":6}},"89":{"start":{"line":175,"column":4},"end":{"line":175,"column":27}},"90":{"start":{"line":176,"column":4},"end":{"line":176,"column":56}},"91":{"start":{"line":177,"column":4},"end":{"line":180,"column":6}},"92":{"start":{"line":178,"column":6},"end":{"line":178,"column":44}},"93":{"start":{"line":179,"column":6},"end":{"line":179,"column":17}},"94":{"start":{"line":181,"column":4},"end":{"line":183,"column":6}},"95":{"start":{"line":182,"column":6},"end":{"line":182,"column":29}},"96":{"start":{"line":185,"column":4},"end":{"line":188,"column":5}},"97":{"start":{"line":189,"column":4},"end":{"line":195,"column":6}},"98":{"start":{"line":198,"column":4},"end":{"line":205,"column":5}},"99":{"start":{"line":199,"column":6},"end":{"line":204,"column":10}},"100":{"start":{"line":201,"column":10},"end":{"line":203,"column":12}},"101":{"start":{"line":206,"column":4},"end":{"line":206,"column":18}},"102":{"start":{"line":210,"column":0},"end":{"line":270,"column":1}},"103":{"start":{"line":211,"column":2},"end":{"line":222,"column":3}},"104":{"start":{"line":224,"column":2},"end":{"line":269,"column":4}},"105":{"start":{"line":226,"column":4},"end":{"line":226,"column":41}},"106":{"start":{"line":227,"column":4},"end":{"line":227,"column":13}},"107":{"start":{"line":228,"column":4},"end":{"line":230,"column":6}},"108":{"start":{"line":229,"column":6},"end":{"line":229,"column":55}},"109":{"start":{"line":229,"column":18},"end":{"line":229,"column":55}},"110":{"start":{"line":231,"column":4},"end":{"line":235,"column":5}},"111":{"start":{"line":232,"column":6},"end":{"line":234,"column":8}},"112":{"start":{"line":233,"column":8},"end":{"line":233,"column":36}},"113":{"start":{"line":237,"column":4},"end":{"line":237,"column":13}},"114":{"start":{"line":238,"column":4},"end":{"line":241,"column":6}},"115":{"start":{"line":239,"column":6},"end":{"line":239,"column":53}},"116":{"start":{"line":240,"column":6},"end":{"line":240,"column":59}},"117":{"start":{"line":240,"column":18},"end":{"line":240,"column":59}},"118":{"start":{"line":242,"column":4},"end":{"line":249,"column":5}},"119":{"start":{"line":243,"column":6},"end":{"line":243,"column":36}},"120":{"start":{"line":244,"column":6},"end":{"line":246,"column":7}},"121":{"start":{"line":245,"column":8},"end":{"line":245,"column":46}},"122":{"start":{"line":247,"column":6},"end":{"line":247,"column":56}},"123":{"start":{"line":247,"column":33},"end":{"line":247,"column":56}},"124":{"start":{"line":248,"column":6},"end":{"line":248,"column":41}},"125":{"start":{"line":251,"column":4},"end":{"line":260,"column":5}},"126":{"start":{"line":252,"column":6},"end":{"line":252,"column":20}},"127":{"start":{"line":254,"column":6},"end":{"line":257,"column":8}},"128":{"start":{"line":255,"column":8},"end":{"line":255,"column":61}},"129":{"start":{"line":256,"column":8},"end":{"line":256,"column":54}},"130":{"start":{"line":259,"column":6},"end":{"line":259,"column":23}},"131":{"start":{"line":262,"column":4},"end":{"line":268,"column":5}},"132":{"start":{"line":272,"column":0},"end":{"line":342,"column":1}},"133":{"start":{"line":273,"column":2},"end":{"line":336,"column":3}},"134":{"start":{"line":338,"column":2},"end":{"line":341,"column":4}},"135":{"start":{"line":340,"column":4},"end":{"line":340,"column":61}},"136":{"start":{"line":344,"column":0},"end":{"line":354,"column":1}},"137":{"start":{"line":345,"column":2},"end":{"line":348,"column":3}},"138":{"start":{"line":350,"column":2},"end":{"line":353,"column":6}},"139":{"start":{"line":352,"column":6},"end":{"line":352,"column":63}},"140":{"start":{"line":356,"column":0},"end":{"line":373,"column":1}},"141":{"start":{"line":357,"column":2},"end":{"line":372,"column":77}},"142":{"start":{"line":358,"column":4},"end":{"line":358,"column":29}},"143":{"start":{"line":359,"column":4},"end":{"line":359,"column":31}},"144":{"start":{"line":361,"column":4},"end":{"line":361,"column":21}},"145":{"start":{"line":362,"column":4},"end":{"line":362,"column":21}},"146":{"start":{"line":364,"column":4},"end":{"line":364,"column":35}},"147":{"start":{"line":365,"column":4},"end":{"line":365,"column":33}},"148":{"start":{"line":367,"column":4},"end":{"line":371,"column":6}},"149":{"start":{"line":368,"column":6},"end":{"line":368,"column":33}},"150":{"start":{"line":369,"column":6},"end":{"line":369,"column":19}},"151":{"start":{"line":370,"column":6},"end":{"line":370,"column":25}},"152":{"start":{"line":375,"column":0},"end":{"line":390,"column":1}},"153":{"start":{"line":376,"column":2},"end":{"line":389,"column":4}},"154":{"start":{"line":377,"column":4},"end":{"line":377,"column":53}},"155":{"start":{"line":378,"column":4},"end":{"line":388,"column":5}},"156":{"start":{"line":381,"column":8},"end":{"line":381,"column":69}},"157":{"start":{"line":384,"column":8},"end":{"line":384,"column":33}},"158":{"start":{"line":392,"column":0},"end":{"line":409,"column":1}},"159":{"start":{"line":393,"column":2},"end":{"line":399,"column":3}},"160":{"start":{"line":401,"column":2},"end":{"line":408,"column":4}},"161":{"start":{"line":402,"column":4},"end":{"line":407,"column":6}},"162":{"start":{"line":403,"column":6},"end":{"line":403,"column":103}},"163":{"start":{"line":403,"column":50},"end":{"line":403,"column":103}},"164":{"start":{"line":404,"column":6},"end":{"line":404,"column":39}},"165":{"start":{"line":406,"column":6},"end":{"line":406,"column":40}},"166":{"start":{"line":411,"column":0},"end":{"line":415,"column":1}},"167":{"start":{"line":412,"column":2},"end":{"line":412,"column":58}},"168":{"start":{"line":413,"column":2},"end":{"line":414,"column":42}},"169":{"start":{"line":417,"column":0},"end":{"line":424,"column":1}},"170":{"start":{"line":418,"column":2},"end":{"line":418,"column":23}},"171":{"start":{"line":419,"column":2},"end":{"line":422,"column":4}},"172":{"start":{"line":420,"column":4},"end":{"line":420,"column":50}},"173":{"start":{"line":421,"column":4},"end":{"line":421,"column":29}},"174":{"start":{"line":423,"column":2},"end":{"line":423,"column":10}}},"branchMap":{"1":{"line":39,"type":"if","locations":[{"start":{"line":39,"column":2},"end":{"line":39,"column":2}},{"start":{"line":39,"column":2},"end":{"line":39,"column":2}}]},"2":{"line":42,"type":"if","locations":[{"start":{"line":42,"column":4},"end":{"line":42,"column":4}},{"start":{"line":42,"column":4},"end":{"line":42,"column":4}}]},"3":{"line":55,"type":"if","locations":[{"start":{"line":55,"column":2},"end":{"line":55,"column":2}},{"start":{"line":55,"column":2},"end":{"line":55,"column":2}}]},"4":{"line":63,"type":"if","locations":[{"start":{"line":63,"column":2},"end":{"line":63,"column":2}},{"start":{"line":63,"column":2},"end":{"line":63,"column":2}}]},"5":{"line":74,"type":"if","locations":[{"start":{"line":74,"column":2},"end":{"line":74,"column":2}},{"start":{"line":74,"column":2},"end":{"line":74,"column":2}}]},"6":{"line":105,"type":"if","locations":[{"start":{"line":105,"column":4},"end":{"line":105,"column":4}},{"start":{"line":105,"column":4},"end":{"line":105,"column":4}}]},"7":{"line":116,"type":"if","locations":[{"start":{"line":116,"column":4},"end":{"line":116,"column":4}},{"start":{"line":116,"column":4},"end":{"line":116,"column":4}}]},"8":{"line":124,"type":"if","locations":[{"start":{"line":124,"column":6},"end":{"line":124,"column":6}},{"start":{"line":124,"column":6},"end":{"line":124,"column":6}}]},"9":{"line":127,"type":"if","locations":[{"start":{"line":127,"column":8},"end":{"line":127,"column":8}},{"start":{"line":127,"column":8},"end":{"line":127,"column":8}}]},"10":{"line":138,"type":"if","locations":[{"start":{"line":138,"column":6},"end":{"line":138,"column":6}},{"start":{"line":138,"column":6},"end":{"line":138,"column":6}}]},"11":{"line":145,"type":"if","locations":[{"start":{"line":145,"column":6},"end":{"line":145,"column":6}},{"start":{"line":145,"column":6},"end":{"line":145,"column":6}}]},"12":{"line":152,"type":"if","locations":[{"start":{"line":152,"column":4},"end":{"line":152,"column":4}},{"start":{"line":152,"column":4},"end":{"line":152,"column":4}}]},"13":{"line":162,"type":"if","locations":[{"start":{"line":162,"column":6},"end":{"line":162,"column":6}},{"start":{"line":162,"column":6},"end":{"line":162,"column":6}}]},"14":{"line":191,"type":"cond-expr","locations":[{"start":{"line":191,"column":40},"end":{"line":191,"column":107}},{"start":{"line":191,"column":110},"end":{"line":191,"column":112}}]},"15":{"line":198,"type":"if","locations":[{"start":{"line":198,"column":4},"end":{"line":198,"column":4}},{"start":{"line":198,"column":4},"end":{"line":198,"column":4}}]},"16":{"line":229,"type":"if","locations":[{"start":{"line":229,"column":6},"end":{"line":229,"column":6}},{"start":{"line":229,"column":6},"end":{"line":229,"column":6}}]},"17":{"line":231,"type":"if","locations":[{"start":{"line":231,"column":4},"end":{"line":231,"column":4}},{"start":{"line":231,"column":4},"end":{"line":231,"column":4}}]},"18":{"line":240,"type":"if","locations":[{"start":{"line":240,"column":6},"end":{"line":240,"column":6}},{"start":{"line":240,"column":6},"end":{"line":240,"column":6}}]},"19":{"line":240,"type":"binary-expr","locations":[{"start":{"line":240,"column":26},"end":{"line":240,"column":37}},{"start":{"line":240,"column":41},"end":{"line":240,"column":59}}]},"20":{"line":242,"type":"if","locations":[{"start":{"line":242,"column":4},"end":{"line":242,"column":4}},{"start":{"line":242,"column":4},"end":{"line":242,"column":4}}]},"21":{"line":244,"type":"if","locations":[{"start":{"line":244,"column":6},"end":{"line":244,"column":6}},{"start":{"line":244,"column":6},"end":{"line":244,"column":6}}]},"22":{"line":244,"type":"binary-expr","locations":[{"start":{"line":244,"column":10},"end":{"line":244,"column":46}},{"start":{"line":244,"column":50},"end":{"line":244,"column":86}}]},"23":{"line":247,"type":"if","locations":[{"start":{"line":247,"column":6},"end":{"line":247,"column":6}},{"start":{"line":247,"column":6},"end":{"line":247,"column":6}}]},"24":{"line":256,"type":"binary-expr","locations":[{"start":{"line":256,"column":21},"end":{"line":256,"column":32}},{"start":{"line":256,"column":36},"end":{"line":256,"column":54}}]},"25":{"line":263,"type":"binary-expr","locations":[{"start":{"line":263,"column":14},"end":{"line":263,"column":19}},{"start":{"line":263,"column":23},"end":{"line":263,"column":35}},{"start":{"line":263,"column":40},"end":{"line":263,"column":50}}]},"26":{"line":397,"type":"binary-expr","locations":[{"start":{"line":397,"column":20},"end":{"line":397,"column":44}},{"start":{"line":397,"column":48},"end":{"line":397,"column":75}}]},"27":{"line":403,"type":"if","locations":[{"start":{"line":403,"column":6},"end":{"line":403,"column":6}},{"start":{"line":403,"column":6},"end":{"line":403,"column":6}}]},"28":{"line":403,"type":"binary-expr","locations":[{"start":{"line":403,"column":10},"end":{"line":403,"column":13}},{"start":{"line":403,"column":17},"end":{"line":403,"column":39}},{"start":{"line":403,"column":43},"end":{"line":403,"column":48}}]},"29":{"line":413,"type":"binary-expr","locations":[{"start":{"line":413,"column":9},"end":{"line":413,"column":44}},{"start":{"line":413,"column":48},"end":{"line":413,"column":83}},{"start":{"line":414,"column":7},"end":{"line":414,"column":42}}]}},"code":["var _ = require('lodash')","var Url = require('url')","var commonWords = {}","var gramophone = require('gramophone')","var Parser = require('htmlparser2').WritableStream","var Cornet = require('cornet')","var Readable = require('stream').Readable","var cheerio = require('cheerio')","var Promise = require('bluebird')","var RE_SPACES = /\\s+/g","var RE_ALPHA_NUM = /[^\\w]/g","var RE_BAD_TITLES = /&lt;\\/?\\w+?&gt;/g","var RE_AMPS = /&amp;/g","var TfIdf = require('natural').TfIdf","var path = require('path')","var spawn = require('child_process').spawn","var request = require('request')","","var phantomjs = require('phantomjs-prebuilt')","","var defaultReqOptions = {","  timeout: 6000,","  maxRedirects: 30,","  userAgent: 'Schenkerianbot/1.0 (+https://github.com/mix/schenkerian)'","}","","var commonWordsArray = require('yamljs').load(path.join(__dirname, 'common-words.yaml')).words","","var imageExtensions = ['gif', 'png', 'svg', 'ico', 'jpg', 'jpeg']","var musicExtensions = ['mp3', 'wav', 'aiff']","var videoExtensions = ['avi', 'mpg', 'mpeg', 'mp4']","","commonWordsArray.forEach(function commonWordAdd(w) {","  commonWords[w] = 1","})","","module.exports = function _export(options) {","  var url = options.url","  if (options.body) {","    return analyze(url, options.body, options.returnSource)","  } else {","    if (options.tokens) _.merge(options, {jar: cookieJar(options.tokens, url)})","    return requestAndSendToAnalyze(url, options)","  }","}","","function requestAndSendToAnalyze(url, options) {","  var requestOptions = {","    url: url,","    timeout: options.timeout,","    userAgent: options.userAgent,","    fallbackRequest: options.fallbackRequest,","    jar: options.jar","  }","  if (options.agent) {","    requestOptions.agentClass = options.agent.agentClass","    requestOptions.agentOptions = {","      socksHost: options.agent.socksHost,","      socksPort: options.agent.socksPort","    }","  }","","  if (isMedia(url)) {","    return requestPage(_.merge({url: url}, _.defaults(requestOptions, defaultReqOptions)))","      .then(function (results) {","        return {","          url: results.url,","          title: url,","          image: url","        }","      })","  }","","  if (options.forceRequest) {","    return requestPage(_.merge({url: url}, _.defaults(requestOptions, defaultReqOptions)))","      .then(function (results) {","        return {","          url: results.url,","          title: url,","          image: url,","          source: results.body","        }","      })","  }","","  var endUrl","  return renderPage(url, _.defaults(requestOptions, defaultReqOptions))","  .then(function (results) {","    endUrl = results.url","    return analyze(endUrl, results.body, options.returnSource)","  })","  .then(function (res) {","    return _.merge({url: endUrl}, res)","  })","}","","function renderPage(url, options) {","  var child, output = []","","  return new Promise(function promise(resolve, reject) {","    var childArgs = [","      '--ignore-ssl-errors=true',","      '--load-images=false'","    ]","    if (options.agentOptions) {","      childArgs.push('--proxy=' + options.agentOptions.socksHost + ':' + options.agentOptions.socksPort)","    }","    childArgs = childArgs.concat([","      path.join(__dirname, 'phantom-load.js'),","      url,","      options.userAgent,","      options.maxRedirects,","      options.timeout","    ])","","    if (options.jar) childArgs.push(JSON.stringify(options.jar))","    child = spawn(phantomjs.path, childArgs)","","    child.stdout.on('data', function(stdout) {","      output.push(stdout.toString().trim())","    })","","    child.on('close', function (exitCode) {","      if (exitCode === 0) {","        resolve({url: output[0], body: output.slice(1).join('')})","      } else {","        if ((/\\[error\\]/i).test(output)) reject(new Error(output.join('')))","        else reject(new Error('Error occurred scraping ' + url))","      }","      child = null","    })","","    child.on('error', function (err) {","      reject(err)","    })","","    process.on('exit', function killChild() {","      if (child) {","        child.kill()","        reject(new Error('Process terminated. Canceling child process retrieving url[' + url + ']'))","      }","    })","","    setTimeout(function () {","      if (child) {","        child.kill()","        reject(new Error('Process exceeded timeout of ' + (options.timeout + 1000) + 'ms retrieving url[' + url + ']'))","      }","    }, options.timeout + 1000)","  })","  .catch(function (err) {","    if (options.fallbackRequest) return requestPage(_.merge({url: url}, options))","    throw err","  })","}","","function analyze(url, body, returnSource) {","  return Promise.all([","    gatherMetaData(url, body),","    cleanBody(body)","    .then(function (result) {","      if (!returnSource) return removeCommonWords(result)","      return result","    })","  ])","  .then(function (data) {","    var things = data[0]","    var content = data[1]","    var graph = gramophone.extract([things.title, content].join(' '), {","      score: true,","      stopWords: commonWordsArray,","      stem: true,","      limit: 20","    })","    var tfidf = new TfIdf()","    tfidf.addDocument([things.title, content].join(' '))","    var tfGraph = graph.map(function (item) {","      item.score = tfidf.tfidf(item.term, 0)","      return item","    })","    tfGraph = _.filter(tfGraph, function (item) {","      return item.term !== ''","    })","","    var results = {","      totalWords: content.split(' ').length,","      relevance: tfGraph","    }","    return _.merge(results, {","      title: things.title.replace(RE_BAD_TITLES, '').replace(RE_AMPS, '&'),","      description: things.description ? things.description.replace(RE_BAD_TITLES, '').replace(RE_AMPS, '&') : '',","      image: things.image,","      amphtml: things.amphtml,","      canonical: things.canonical","    })","  })","  .then(function (results) {","    if (returnSource) {","      return removeScript(body)","        .then(function (rsBody) {","          return _.merge(results, {","            source: rsBody","          })","        })","    }","    return results","  })","}","","function gatherMetaData(url, body) {","  var removeSelectors = [","    'script'","  , 'noscript'","  , 'style'","  , 'iframe'","  , 'nav'","  , 'footer'","  , 'label'","  , 'audio'","  , 'video'","  , 'aside'","  ]","","  return parseDom(body, 'head', removeSelectors.join(','))","  .then(function (parsedBody) {","    var cheerioBody = cheerio(parsedBody)","    var title","    cheerioBody.find('meta[property=\"og:title\"], meta[property=\"twitter:title\"]').each(function (i, elem) {","      if (!title) title = cheerio(elem).attr('content')","    })","    if (!title) {","      cheerioBody.find('title').each(function (i, elem) {","        title = cheerio(elem).text()","      })","    }","","    var image","    cheerioBody.find('meta[property=\"og:image\"], meta[property=\"twitter:image:src\"]').each(function (i, elem) {","      var elemContent = cheerio(elem).attr('content')","      if (!image) image = elemContent && elemContent.trim()","    })","    if (image) {","      var host = Url.parse(url).host","      if (!(/^(http(s)?\\:)?\\/\\//i).test(image) && !(new RegExp(host, 'i')).test(image)) {","        image = 'http://' + host + '/' + image","      }","      if ((/^\\/\\//).test(image)) image = 'http:' + image","      image = image.replace(RE_AMPS, '&')","    }","","    var getSimpleValue = function(cheerioTagQuery, targetAttribute) {","      var foundValue","","      cheerioBody.find(cheerioTagQuery).each(function (i, elem) {","        var elemContent = cheerio(elem).attr(targetAttribute)","        foundValue = elemContent && elemContent.trim()","      })","","      return foundValue","    }","","    return {","      title: (title && title.trim()) || 'Untitled',","      image: image,","      description: getSimpleValue('meta[property=\"og:description\"]', 'content'),","      amphtml: getSimpleValue('link[rel=\"amphtml\"]', 'href'),","      canonical: getSimpleValue('link[rel=\"canonical\"]', 'href')","    }","  })","}","","function cleanBody(body) {","  var removeSelectors = [","    'head'","  , 'script'","  , 'noscript'","  , 'style'","  , 'iframe'","  , 'nav'","  , 'footer'","  , 'label'","  , 'audio'","  , 'video'","  , 'aside'","  , '[class*=google]'","  , '[id*=google]'","  , '[class*=facebook]'","  , '[id*=facebook]'","  , '[class*=twitter]'","  , '[id*=twitter]'","  , '[class*=email]'","  , '[id*=email]'","  , '[class*=footer]'","  , '[id*=footer]'","  , '[class*=header]'","  , '[id*=header]'","  , '[class^=side]'","  , '[id^=side]'","  , '[class*=comments]'","  , '[id*=comments]'","  , '[class*=share]'","  , '[id*=share]'","  , '[class*=social]'","  , '[id*=social]'","  , '[class*=nav]'","  , '[id*=nav]'","  , '[class*=sponsored]'","  , '[id*=sponsored]'","  , '[class*=widget]'","  , '[id*=widget]'","  , '[class*=ad]'","  , '[id*=ad]'","  , '[class*=promo]'","  , '[id*=promo]'","  , '[class*=banner]'","  , '[id*=banner]'","  , '[class*=abridged]'","  , '[id*=abridged]'","  , '[class*=news]'","  , '[id*=news]'","  , '[class*=highlight]'","  , '[id*=highlight]'","  , '[class*=copyright]'","  , '[id*=copyright]'","  , '[class*=popular]'","  , '[id*=popular]'","  , '[class*=prev]'","  , '[id*=prev]'","  , '[class*=next]'","  , '[id*=next]'","  , '[class^=right]'","  , '[id^=right]'","  , '[class*=link]'","  , '[id*=link]'","  , '[style*=\"display: none\"]'","  ]","","  return parseDom(body, 'body', removeSelectors.join(','))","  .then(function (parsedBody) {","    return cheerio(parsedBody).text().replace(RE_SPACES, ' ')","  })","}","","function removeScript(body) {","  var removeSelectors = [","    'script'","  , 'style'","  ]","","  return parseDom(body, 'html', removeSelectors.join(','))","    .then(function (parsedBody) {","      return cheerio(parsedBody).html().replace(RE_SPACES, ' ')","    })","}","","function parseDom(body, elementSelector, removeSelector) {","  return new Promise(function (resolve, reject) {","    var cornet = new Cornet()","    var stream = new Readable()","","    stream.push(body)","    stream.push(null)","","    stream.pipe(new Parser(cornet))","    cornet.remove(removeSelector)","","    cornet.select(elementSelector, function (parsedBody) {","      cornet.removeAllListeners()","      cornet = null","      resolve(parsedBody)","    })","  }).timeout(1000, 'Timed out trying to get ' + elementSelector + ' element')","}","","function removeCommonWords(bodyText) {","  return new Promise(function (resolve, reject) {","    var content = bodyText.replace(RE_ALPHA_NUM, ' ')","    resolve(","      content.split(' ')","      .map(function lowerCaseAndTrim(word) {","        return word.toLowerCase().replace(/[\\d'\"”<>\\/]/g, ' ').trim()","      })","      .filter(function commonWordFilter(word) {","        return !commonWords[word]","      })","      .join(' ')","      .replace(RE_SPACES, ' ')","    )","  })","}","","function requestPage(requestOptions) {","  var reqDefaultOptions = {","    followAllRedirects: true,","    pool: { maxSockets: 256 },","    'headers': {","      'user-agent': requestOptions.userAgent || defaultReqOptions.userAgent","    }","  }","","  return new Promise(function (resolve, reject) {","    return request(_.merge(requestOptions, reqDefaultOptions), function reqCallback(err, res, body) {","      if (err || res.statusCode !== 200 || !body) return reject(new Error('Webpage could not resolve'))","      var endUrl = res.request.uri.href","","      resolve({url: endUrl, body: body})","    })","  })","}","","function isMedia(url) {","  var extension = Url.parse(url).pathname.split('.').pop()","  return imageExtensions.includes(extension) || musicExtensions.includes(extension)","    || videoExtensions.includes(extension)","}","","function cookieJar(tokens, url) {","  var j = request.jar()","  _.forOwn(tokens, function(value, key) {","    var cookie = request.cookie(key + '=' + value)","    j.setCookie(cookie, url);","  })","  return j","}",""],"l":{"1":1,"2":1,"3":1,"4":1,"5":1,"6":1,"7":1,"8":1,"9":1,"10":1,"11":1,"12":1,"13":1,"14":1,"15":1,"16":1,"17":1,"19":1,"21":1,"27":1,"29":1,"30":1,"31":1,"33":1,"34":122,"37":1,"38":0,"39":0,"40":0,"42":0,"43":0,"47":1,"48":0,"55":0,"56":0,"57":0,"63":0,"64":0,"66":0,"74":0,"75":0,"77":0,"86":0,"87":0,"89":0,"90":0,"93":0,"97":1,"98":0,"100":0,"101":0,"105":0,"106":0,"108":0,"116":0,"117":0,"119":0,"120":0,"123":0,"124":0,"125":0,"127":0,"128":0,"130":0,"133":0,"134":0,"137":0,"138":0,"139":0,"140":0,"144":0,"145":0,"146":0,"147":0,"152":0,"153":0,"157":1,"158":0,"162":0,"163":0,"167":0,"168":0,"169":0,"175":0,"176":0,"177":0,"178":0,"179":0,"181":0,"182":0,"185":0,"189":0,"198":0,"199":0,"201":0,"206":0,"210":1,"211":0,"224":0,"226":0,"227":0,"228":0,"229":0,"231":0,"232":0,"233":0,"237":0,"238":0,"239":0,"240":0,"242":0,"243":0,"244":0,"245":0,"247":0,"248":0,"251":0,"252":0,"254":0,"255":0,"256":0,"259":0,"262":0,"272":1,"273":0,"338":0,"340":0,"344":1,"345":0,"350":0,"352":0,"356":1,"357":0,"358":0,"359":0,"361":0,"362":0,"364":0,"365":0,"367":0,"368":0,"369":0,"370":0,"375":1,"376":0,"377":0,"378":0,"381":0,"384":0,"392":1,"393":0,"401":0,"402":0,"403":0,"404":0,"406":0,"411":1,"412":0,"413":0,"417":1,"418":0,"419":0,"420":0,"421":0,"423":0}},"/home/travis/build/npmtest/node-npmtest-schenkerian/node_modules/schenkerian/phantom-load.js":{"path":"/home/travis/build/npmtest/node-npmtest-schenkerian/node_modules/schenkerian/phantom-load.js","s":{"1":2,"2":2,"3":0,"4":0,"5":0,"6":0,"7":0,"8":0,"9":1,"10":0,"11":0,"12":0,"13":0,"14":0,"15":0,"16":0,"17":0,"18":0,"19":0,"20":0,"21":0,"22":0,"23":0,"24":0,"25":0,"26":0,"27":0,"28":0,"29":0,"30":0,"31":0,"32":0,"33":0,"34":0,"35":0,"36":0,"37":0,"38":0,"39":0,"40":0,"41":1,"42":0,"43":0,"44":0,"45":0,"46":0},"b":{"1":[0,0],"2":[0,0],"3":[0,0],"4":[0,0],"5":[0,0],"6":[0,0],"7":[0,0],"8":[0,0],"9":[0,0]},"f":{"1":0,"2":0,"3":0,"4":0,"5":0,"6":0,"7":0},"fnMap":{"1":{"name":"renderPage","line":11,"loc":{"start":{"line":11,"column":0},"end":{"line":11,"column":25}}},"2":{"name":"(anonymous_2)","line":20,"loc":{"start":{"line":20,"column":17},"end":{"line":20,"column":39}}},"3":{"name":"(anonymous_3)","line":24,"loc":{"start":{"line":24,"column":27},"end":{"line":24,"column":46}}},"4":{"name":"(anonymous_4)","line":29,"loc":{"start":{"line":29,"column":28},"end":{"line":29,"column":48}}},"5":{"name":"(anonymous_5)","line":48,"loc":{"start":{"line":48,"column":17},"end":{"line":48,"column":35}}},"6":{"name":"setCookies","line":62,"loc":{"start":{"line":62,"column":0},"end":{"line":62,"column":31}}},"7":{"name":"(anonymous_7)","line":65,"loc":{"start":{"line":65,"column":21},"end":{"line":65,"column":38}}}},"statementMap":{"1":{"start":{"line":1,"column":0},"end":{"line":1,"column":25}},"2":{"start":{"line":2,"column":0},"end":{"line":2,"column":30}},"3":{"start":{"line":3,"column":0},"end":{"line":3,"column":39}},"4":{"start":{"line":5,"column":0},"end":{"line":5,"column":32}},"5":{"start":{"line":6,"column":0},"end":{"line":6,"column":30}},"6":{"start":{"line":7,"column":0},"end":{"line":7,"column":33}},"7":{"start":{"line":8,"column":0},"end":{"line":8,"column":28}},"8":{"start":{"line":9,"column":0},"end":{"line":9,"column":24}},"9":{"start":{"line":11,"column":0},"end":{"line":60,"column":1}},"10":{"start":{"line":12,"column":2},"end":{"line":12,"column":36}},"11":{"start":{"line":13,"column":2},"end":{"line":13,"column":24}},"12":{"start":{"line":15,"column":2},"end":{"line":15,"column":37}},"13":{"start":{"line":16,"column":2},"end":{"line":16,"column":41}},"14":{"start":{"line":18,"column":2},"end":{"line":18,"column":32}},"15":{"start":{"line":18,"column":11},"end":{"line":18,"column":32}},"16":{"start":{"line":20,"column":2},"end":{"line":22,"column":3}},"17":{"start":{"line":24,"column":2},"end":{"line":27,"column":3}},"18":{"start":{"line":25,"column":4},"end":{"line":25,"column":131}},"19":{"start":{"line":26,"column":4},"end":{"line":26,"column":19}},"20":{"start":{"line":29,"column":2},"end":{"line":46,"column":3}},"21":{"start":{"line":30,"column":4},"end":{"line":38,"column":5}},"22":{"start":{"line":31,"column":6},"end":{"line":31,"column":40}},"23":{"start":{"line":32,"column":6},"end":{"line":35,"column":7}},"24":{"start":{"line":33,"column":8},"end":{"line":33,"column":73}},"25":{"start":{"line":34,"column":8},"end":{"line":34,"column":23}},"26":{"start":{"line":36,"column":6},"end":{"line":36,"column":20}},"27":{"start":{"line":37,"column":6},"end":{"line":37,"column":12}},"28":{"start":{"line":41,"column":4},"end":{"line":45,"column":5}},"29":{"start":{"line":42,"column":6},"end":{"line":42,"column":83}},"30":{"start":{"line":43,"column":6},"end":{"line":43,"column":18}},"31":{"start":{"line":44,"column":6},"end":{"line":44,"column":21}},"32":{"start":{"line":48,"column":2},"end":{"line":59,"column":4}},"33":{"start":{"line":49,"column":4},"end":{"line":58,"column":5}},"34":{"start":{"line":50,"column":6},"end":{"line":50,"column":29}},"35":{"start":{"line":51,"column":11},"end":{"line":58,"column":5}},"36":{"start":{"line":52,"column":6},"end":{"line":52,"column":22}},"37":{"start":{"line":53,"column":6},"end":{"line":53,"column":31}},"38":{"start":{"line":54,"column":6},"end":{"line":54,"column":21}},"39":{"start":{"line":56,"column":6},"end":{"line":56,"column":127}},"40":{"start":{"line":57,"column":6},"end":{"line":57,"column":21}},"41":{"start":{"line":62,"column":0},"end":{"line":72,"column":1}},"42":{"start":{"line":63,"column":2},"end":{"line":63,"column":33}},"43":{"start":{"line":64,"column":2},"end":{"line":64,"column":38}},"44":{"start":{"line":65,"column":2},"end":{"line":71,"column":4}},"45":{"start":{"line":66,"column":4},"end":{"line":70,"column":6}},"46":{"start":{"line":74,"column":0},"end":{"line":74,"column":23}}},"branchMap":{"1":{"line":18,"type":"if","locations":[{"start":{"line":18,"column":2},"end":{"line":18,"column":2}},{"start":{"line":18,"column":2},"end":{"line":18,"column":2}}]},"2":{"line":30,"type":"if","locations":[{"start":{"line":30,"column":4},"end":{"line":30,"column":4}},{"start":{"line":30,"column":4},"end":{"line":30,"column":4}}]},"3":{"line":30,"type":"binary-expr","locations":[{"start":{"line":30,"column":8},"end":{"line":30,"column":28}},{"start":{"line":30,"column":32},"end":{"line":30,"column":52}}]},"4":{"line":32,"type":"if","locations":[{"start":{"line":32,"column":6},"end":{"line":32,"column":6}},{"start":{"line":32,"column":6},"end":{"line":32,"column":6}}]},"5":{"line":41,"type":"if","locations":[{"start":{"line":41,"column":4},"end":{"line":41,"column":4}},{"start":{"line":41,"column":4},"end":{"line":41,"column":4}}]},"6":{"line":41,"type":"binary-expr","locations":[{"start":{"line":41,"column":8},"end":{"line":41,"column":28}},{"start":{"line":41,"column":32},"end":{"line":41,"column":55}}]},"7":{"line":49,"type":"if","locations":[{"start":{"line":49,"column":4},"end":{"line":49,"column":4}},{"start":{"line":49,"column":4},"end":{"line":49,"column":4}}]},"8":{"line":51,"type":"if","locations":[{"start":{"line":51,"column":11},"end":{"line":51,"column":11}},{"start":{"line":51,"column":11},"end":{"line":51,"column":11}}]},"9":{"line":68,"type":"binary-expr","locations":[{"start":{"line":68,"column":15},"end":{"line":68,"column":27}},{"start":{"line":68,"column":31},"end":{"line":68,"column":33}}]}},"code":["var _ = require('lodash')","var system = require('system')","var phantomWebpage = require('webpage')","","var originalUrl = system.args[1]","var userAgent = system.args[2]","var maxRedirects = system.args[3]","var timeout = system.args[4]","var jar = system.args[5]","","function renderPage(url) {","  var page = phantomWebpage.create()","  var redirectURL = null","","  page.settings.userAgent = userAgent","  page.settings.resourceTimeout = timeout","","  if (jar) setCookies(page, jar)","","  page.onError = function (msg, trace) {","    // do nothing","  }","","  page.onResourceTimeout = function (request) {","    console.error('[ERROR] Exceeded timeout of ' + timeout + 'ms retrieving url[' + url + '] for originalUrl[' + originalUrl + ']')","    phantom.exit(1)","  }","","  page.onResourceReceived = function (resource) {","    if (url === resource.url && resource.redirectURL) {","      redirectURL = resource.redirectURL","      if (maxRedirects === 0) {","        console.error('[ERROR] Max Redirects reached for ' + originalUrl)","        phantom.exit(1)","      }","      maxRedirects--","      return","    }","","    // If request to the page is not 200 status, fail.","    if (resource.url === url && resource.status !== 200) {","      console.error('[ERROR] Received non-success status[' + resource.status + ']')","      page.close()","      phantom.exit(1)","    }","  }","","  page.open(url, function (status) {","    if (redirectURL) {","      renderPage(redirectURL)","    } else if (status === 'success') {","      console.log(url)","      console.log(page.content)","      phantom.exit(0)","    } else {","      console.error('[ERROR] Received non-success status[' + status + '] for url[' + url + '] from originalUrl: '+ originalUrl)","      phantom.exit(1)","    }","  })","}","","function setCookies(page, jar) {","  var cookieJar = JSON.parse(jar)","  var cookies = cookieJar._jar.cookies","  _.forEach(cookies, function(cookie) {","    page.addCookie({","      'name': cookie.key,","      'value': cookie.value || '',","      'domain': cookie.domain","    })","  })","}","","renderPage(originalUrl)",""],"l":{"1":2,"2":2,"3":0,"5":0,"6":0,"7":0,"8":0,"9":0,"11":1,"12":0,"13":0,"15":0,"16":0,"18":0,"20":0,"24":0,"25":0,"26":0,"29":0,"30":0,"31":0,"32":0,"33":0,"34":0,"36":0,"37":0,"41":0,"42":0,"43":0,"44":0,"48":0,"49":0,"50":0,"51":0,"52":0,"53":0,"54":0,"56":0,"57":0,"62":1,"63":0,"64":0,"65":0,"66":0,"74":0}},"/home/travis/build/npmtest/node-npmtest-schenkerian/node_modules/schenkerian/config/reporter.js":{"path":"/home/travis/build/npmtest/node-npmtest-schenkerian/node_modules/schenkerian/config/reporter.js","s":{"1":1,"2":0,"3":0,"4":0,"5":0,"6":0,"7":0,"8":0,"9":0,"10":0,"11":0,"12":0,"13":0,"14":0},"b":{"1":[0,0],"2":[0,0],"3":[0,0],"4":[0,0]},"f":{"1":0,"2":0},"fnMap":{"1":{"name":"(anonymous_1)","line":2,"loc":{"start":{"line":2,"column":12},"end":{"line":2,"column":27}}},"2":{"name":"(anonymous_2)","line":6,"loc":{"start":{"line":6,"column":16},"end":{"line":6,"column":29}}}},"statementMap":{"1":{"start":{"line":1,"column":0},"end":{"line":29,"column":1}},"2":{"start":{"line":3,"column":4},"end":{"line":4,"column":16}},"3":{"start":{"line":6,"column":4},"end":{"line":18,"column":6}},"4":{"start":{"line":7,"column":6},"end":{"line":8,"column":23}},"5":{"start":{"line":10,"column":6},"end":{"line":12,"column":7}},"6":{"start":{"line":11,"column":8},"end":{"line":11,"column":20}},"7":{"start":{"line":13,"column":6},"end":{"line":15,"column":7}},"8":{"start":{"line":14,"column":8},"end":{"line":14,"column":20}},"9":{"start":{"line":16,"column":6},"end":{"line":17,"column":46}},"10":{"start":{"line":20,"column":4},"end":{"line":27,"column":5}},"11":{"start":{"line":21,"column":6},"end":{"line":22,"column":38}},"12":{"start":{"line":23,"column":6},"end":{"line":23,"column":21}},"13":{"start":{"line":25,"column":6},"end":{"line":25,"column":55}},"14":{"start":{"line":26,"column":6},"end":{"line":26,"column":21}}},"branchMap":{"1":{"line":10,"type":"if","locations":[{"start":{"line":10,"column":6},"end":{"line":10,"column":6}},{"start":{"line":10,"column":6},"end":{"line":10,"column":6}}]},"2":{"line":13,"type":"if","locations":[{"start":{"line":13,"column":6},"end":{"line":13,"column":6}},{"start":{"line":13,"column":6},"end":{"line":13,"column":6}}]},"3":{"line":20,"type":"if","locations":[{"start":{"line":20,"column":4},"end":{"line":20,"column":4}},{"start":{"line":20,"column":4},"end":{"line":20,"column":4}}]},"4":{"line":22,"type":"cond-expr","locations":[{"start":{"line":22,"column":21},"end":{"line":22,"column":23}},{"start":{"line":22,"column":26},"end":{"line":22,"column":29}}]}},"code":["module.exports = {","  reporter: function (res) {","    var len = res.length","      , str = ''","","    res.forEach(function (r) {","      var file = r.file","        , err = r.error","","      if (err.reason.match('a reserved word')) {","        return --len","      }","      if (err.reason.match('to have an indentation at')) {","        return --len","      }","      str += file + ': line ' + err.line + ', col ' +","      err.character + ', ' + err.reason + '\\n'","    })","","    if (str) {","      process.stdout.write(str + '\\n' + len + ' error' +","      ((len === 1) ? '' : 's') + '\\n')","      process.exit(1)","    } else {","      process.stdout.write('Rock on. No Lint errors\\n')","      process.exit(0)","    }","  }","}",""],"l":{"1":1,"3":0,"6":0,"7":0,"10":0,"11":0,"13":0,"14":0,"16":0,"20":0,"21":0,"23":0,"25":0,"26":0}}}